{"__type":"$$EventMessageAudit","id":"c9772131-b14d-470d-9c2b-7ce3aac231b8","ts":"2025-12-24T12:15:12.319+00:00","eventName":"n8n.audit.workflow.created","message":"n8n.audit.workflow.created","payload":{"userId":"b81aa271-a943-4fc5-8b52-765c7ba556e2","_email":"hasnainn8nahmed@gmail.com","_firstName":"HASNAIN","_lastName":"AHMED","globalRole":"global:owner","workflowId":"SOFnLJ6MODSGPrOk","workflowName":"Python"}}
{"__type":"$$EventMessageConfirm","confirm":"c9772131-b14d-470d-9c2b-7ce3aac231b8","ts":"2025-12-24T12:15:12.319+00:00","source":{"id":"0","name":"eventBus"}}
{"__type":"$$EventMessageWorkflow","id":"0f37dc39-28b5-4c5f-86d3-5b4c2fce721c","ts":"2025-12-24T12:28:42.618+00:00","eventName":"n8n.workflow.started","message":"n8n.workflow.started","payload":{"executionId":"1","workflowId":"SOFnLJ6MODSGPrOk","isManual":false,"workflowName":"Python"}}
{"__type":"$$EventMessageConfirm","confirm":"0f37dc39-28b5-4c5f-86d3-5b4c2fce721c","ts":"2025-12-24T12:28:42.618+00:00","source":{"id":"0","name":"eventBus"}}
{"__type":"$$EventMessageNode","id":"16b9e141-1539-4c01-a690-3f0c4d937259","ts":"2025-12-24T12:28:42.620+00:00","eventName":"n8n.node.started","message":"n8n.node.started","payload":{"workflowId":"SOFnLJ6MODSGPrOk","workflowName":"Python","executionId":"1","nodeType":"n8n-nodes-base.manualTrigger","nodeName":"When clicking ‘Execute workflow’","nodeId":"5cdbde81-c3ea-400e-a01a-06bbe121ccc9"}}
{"__type":"$$EventMessageConfirm","confirm":"16b9e141-1539-4c01-a690-3f0c4d937259","ts":"2025-12-24T12:28:42.621+00:00","source":{"id":"0","name":"eventBus"}}
{"__type":"$$EventMessageNode","id":"ae1dbaef-7447-4402-84f0-4ad232ee17f9","ts":"2025-12-24T12:28:42.627+00:00","eventName":"n8n.node.finished","message":"n8n.node.finished","payload":{"workflowId":"SOFnLJ6MODSGPrOk","workflowName":"Python","executionId":"1","nodeType":"n8n-nodes-base.manualTrigger","nodeName":"When clicking ‘Execute workflow’","nodeId":"5cdbde81-c3ea-400e-a01a-06bbe121ccc9"}}
{"__type":"$$EventMessageConfirm","confirm":"ae1dbaef-7447-4402-84f0-4ad232ee17f9","ts":"2025-12-24T12:28:42.628+00:00","source":{"id":"0","name":"eventBus"}}
{"__type":"$$EventMessageNode","id":"c9d369f6-2ff7-4688-aac6-26fe38214c6d","ts":"2025-12-24T12:28:42.633+00:00","eventName":"n8n.node.started","message":"n8n.node.started","payload":{"workflowId":"SOFnLJ6MODSGPrOk","workflowName":"Python","executionId":"1","nodeType":"n8n-nodes-base.readWriteFile","nodeName":"Read/Write Files from Disk","nodeId":"67e65118-521f-4a62-99a1-f4926c0e1626"}}
{"__type":"$$EventMessageConfirm","confirm":"c9d369f6-2ff7-4688-aac6-26fe38214c6d","ts":"2025-12-24T12:28:42.634+00:00","source":{"id":"0","name":"eventBus"}}
{"__type":"$$EventMessageNode","id":"d375505f-ba13-441f-8c92-ee85e288e7e4","ts":"2025-12-24T12:28:42.675+00:00","eventName":"n8n.node.finished","message":"n8n.node.finished","payload":{"workflowId":"SOFnLJ6MODSGPrOk","workflowName":"Python","executionId":"1","nodeType":"n8n-nodes-base.readWriteFile","nodeName":"Read/Write Files from Disk","nodeId":"67e65118-521f-4a62-99a1-f4926c0e1626"}}
{"__type":"$$EventMessageConfirm","confirm":"d375505f-ba13-441f-8c92-ee85e288e7e4","ts":"2025-12-24T12:28:42.675+00:00","source":{"id":"0","name":"eventBus"}}
{"__type":"$$EventMessageWorkflow","id":"a8252c38-af71-4aea-8ffd-5391daf5ee2a","ts":"2025-12-24T12:28:42.730+00:00","eventName":"n8n.workflow.failed","message":"n8n.workflow.failed","payload":{"userId":"b81aa271-a943-4fc5-8b52-765c7ba556e2","executionId":"1","success":false,"isManual":true,"workflowId":"SOFnLJ6MODSGPrOk","workflowName":"Python","lastNodeExecuted":"Read/Write Files from Disk","errorNodeType":"n8n-nodes-base.readWriteFile","errorMessage":"No file(s) found"}}
{"__type":"$$EventMessageConfirm","confirm":"a8252c38-af71-4aea-8ffd-5391daf5ee2a","ts":"2025-12-24T12:28:42.730+00:00","source":{"id":"0","name":"eventBus"}}
{"__type":"$$EventMessageWorkflow","id":"9a6f6d80-44ac-4e6f-818a-2714b7d8b6cc","ts":"2025-12-24T12:30:46.591+00:00","eventName":"n8n.workflow.started","message":"n8n.workflow.started","payload":{"executionId":"2","workflowId":"SOFnLJ6MODSGPrOk","isManual":false,"workflowName":"Python"}}
{"__type":"$$EventMessageConfirm","confirm":"9a6f6d80-44ac-4e6f-818a-2714b7d8b6cc","ts":"2025-12-24T12:30:46.591+00:00","source":{"id":"0","name":"eventBus"}}
{"__type":"$$EventMessageNode","id":"18303fa8-5746-42f9-99fd-100fc85f956a","ts":"2025-12-24T12:30:46.592+00:00","eventName":"n8n.node.started","message":"n8n.node.started","payload":{"workflowId":"SOFnLJ6MODSGPrOk","workflowName":"Python","executionId":"2","nodeType":"n8n-nodes-base.readWriteFile","nodeName":"Read/Write Files from Disk","nodeId":"67e65118-521f-4a62-99a1-f4926c0e1626"}}
{"__type":"$$EventMessageConfirm","confirm":"18303fa8-5746-42f9-99fd-100fc85f956a","ts":"2025-12-24T12:30:46.593+00:00","source":{"id":"0","name":"eventBus"}}
{"__type":"$$EventMessageNode","id":"e8a43b5d-173b-41ef-a4c7-3c48bf2e1a35","ts":"2025-12-24T12:30:46.599+00:00","eventName":"n8n.node.finished","message":"n8n.node.finished","payload":{"workflowId":"SOFnLJ6MODSGPrOk","workflowName":"Python","executionId":"2","nodeType":"n8n-nodes-base.readWriteFile","nodeName":"Read/Write Files from Disk","nodeId":"67e65118-521f-4a62-99a1-f4926c0e1626"}}
{"__type":"$$EventMessageConfirm","confirm":"e8a43b5d-173b-41ef-a4c7-3c48bf2e1a35","ts":"2025-12-24T12:30:46.599+00:00","source":{"id":"0","name":"eventBus"}}
{"__type":"$$EventMessageWorkflow","id":"4e025e8d-2edb-477c-b889-533e2ee0c80e","ts":"2025-12-24T12:30:46.609+00:00","eventName":"n8n.workflow.failed","message":"n8n.workflow.failed","payload":{"userId":"b81aa271-a943-4fc5-8b52-765c7ba556e2","executionId":"2","success":false,"isManual":true,"workflowId":"SOFnLJ6MODSGPrOk","workflowName":"Python","lastNodeExecuted":"Read/Write Files from Disk","errorNodeType":"n8n-nodes-base.readWriteFile","errorMessage":"No file(s) found"}}
{"__type":"$$EventMessageConfirm","confirm":"4e025e8d-2edb-477c-b889-533e2ee0c80e","ts":"2025-12-24T12:30:46.609+00:00","source":{"id":"0","name":"eventBus"}}
{"__type":"$$EventMessageWorkflow","id":"e7086126-3956-4e11-bd38-8152aa910f81","ts":"2025-12-24T12:30:47.994+00:00","eventName":"n8n.workflow.started","message":"n8n.workflow.started","payload":{"executionId":"3","workflowId":"SOFnLJ6MODSGPrOk","isManual":false,"workflowName":"Python"}}
{"__type":"$$EventMessageConfirm","confirm":"e7086126-3956-4e11-bd38-8152aa910f81","ts":"2025-12-24T12:30:47.994+00:00","source":{"id":"0","name":"eventBus"}}
{"__type":"$$EventMessageNode","id":"4feff0a0-3c7c-4586-8f61-8b74107814c6","ts":"2025-12-24T12:30:47.995+00:00","eventName":"n8n.node.started","message":"n8n.node.started","payload":{"workflowId":"SOFnLJ6MODSGPrOk","workflowName":"Python","executionId":"3","nodeType":"n8n-nodes-base.readWriteFile","nodeName":"Read/Write Files from Disk","nodeId":"67e65118-521f-4a62-99a1-f4926c0e1626"}}
{"__type":"$$EventMessageConfirm","confirm":"4feff0a0-3c7c-4586-8f61-8b74107814c6","ts":"2025-12-24T12:30:47.995+00:00","source":{"id":"0","name":"eventBus"}}
{"__type":"$$EventMessageNode","id":"29944dd2-0e5e-4680-8d8c-52b16780dbf7","ts":"2025-12-24T12:30:48.005+00:00","eventName":"n8n.node.finished","message":"n8n.node.finished","payload":{"workflowId":"SOFnLJ6MODSGPrOk","workflowName":"Python","executionId":"3","nodeType":"n8n-nodes-base.readWriteFile","nodeName":"Read/Write Files from Disk","nodeId":"67e65118-521f-4a62-99a1-f4926c0e1626"}}
{"__type":"$$EventMessageConfirm","confirm":"29944dd2-0e5e-4680-8d8c-52b16780dbf7","ts":"2025-12-24T12:30:48.005+00:00","source":{"id":"0","name":"eventBus"}}
{"__type":"$$EventMessageWorkflow","id":"e8818a4b-f18f-47be-b822-a88cee8cf88c","ts":"2025-12-24T12:30:48.009+00:00","eventName":"n8n.workflow.failed","message":"n8n.workflow.failed","payload":{"userId":"b81aa271-a943-4fc5-8b52-765c7ba556e2","executionId":"3","success":false,"isManual":true,"workflowId":"SOFnLJ6MODSGPrOk","workflowName":"Python","lastNodeExecuted":"Read/Write Files from Disk","errorNodeType":"n8n-nodes-base.readWriteFile","errorMessage":"No file(s) found"}}
{"__type":"$$EventMessageConfirm","confirm":"e8818a4b-f18f-47be-b822-a88cee8cf88c","ts":"2025-12-24T12:30:48.009+00:00","source":{"id":"0","name":"eventBus"}}
{"__type":"$$EventMessageWorkflow","id":"a7baa996-3da5-4477-8d8a-492207238a2d","ts":"2025-12-24T12:30:54.497+00:00","eventName":"n8n.workflow.started","message":"n8n.workflow.started","payload":{"executionId":"4","workflowId":"SOFnLJ6MODSGPrOk","isManual":false,"workflowName":"Python"}}
{"__type":"$$EventMessageConfirm","confirm":"a7baa996-3da5-4477-8d8a-492207238a2d","ts":"2025-12-24T12:30:54.497+00:00","source":{"id":"0","name":"eventBus"}}
{"__type":"$$EventMessageNode","id":"46d2af2b-7d85-4abe-b98f-264be8f16b44","ts":"2025-12-24T12:30:54.498+00:00","eventName":"n8n.node.started","message":"n8n.node.started","payload":{"workflowId":"SOFnLJ6MODSGPrOk","workflowName":"Python","executionId":"4","nodeType":"n8n-nodes-base.manualTrigger","nodeName":"When clicking ‘Execute workflow’","nodeId":"5cdbde81-c3ea-400e-a01a-06bbe121ccc9"}}
{"__type":"$$EventMessageConfirm","confirm":"46d2af2b-7d85-4abe-b98f-264be8f16b44","ts":"2025-12-24T12:30:54.499+00:00","source":{"id":"0","name":"eventBus"}}
{"__type":"$$EventMessageNode","id":"93e8a550-d6e0-41e8-bb53-e7cd282eebfc","ts":"2025-12-24T12:30:54.500+00:00","eventName":"n8n.node.finished","message":"n8n.node.finished","payload":{"workflowId":"SOFnLJ6MODSGPrOk","workflowName":"Python","executionId":"4","nodeType":"n8n-nodes-base.manualTrigger","nodeName":"When clicking ‘Execute workflow’","nodeId":"5cdbde81-c3ea-400e-a01a-06bbe121ccc9"}}
{"__type":"$$EventMessageConfirm","confirm":"93e8a550-d6e0-41e8-bb53-e7cd282eebfc","ts":"2025-12-24T12:30:54.500+00:00","source":{"id":"0","name":"eventBus"}}
{"__type":"$$EventMessageNode","id":"a73bd02e-2a52-463e-89ee-5c48592eacd0","ts":"2025-12-24T12:30:54.501+00:00","eventName":"n8n.node.started","message":"n8n.node.started","payload":{"workflowId":"SOFnLJ6MODSGPrOk","workflowName":"Python","executionId":"4","nodeType":"n8n-nodes-base.readWriteFile","nodeName":"Read/Write Files from Disk","nodeId":"67e65118-521f-4a62-99a1-f4926c0e1626"}}
{"__type":"$$EventMessageConfirm","confirm":"a73bd02e-2a52-463e-89ee-5c48592eacd0","ts":"2025-12-24T12:30:54.502+00:00","source":{"id":"0","name":"eventBus"}}
{"__type":"$$EventMessageNode","id":"17ce0340-dda1-415d-8a37-ee2d84d6061a","ts":"2025-12-24T12:30:54.515+00:00","eventName":"n8n.node.finished","message":"n8n.node.finished","payload":{"workflowId":"SOFnLJ6MODSGPrOk","workflowName":"Python","executionId":"4","nodeType":"n8n-nodes-base.readWriteFile","nodeName":"Read/Write Files from Disk","nodeId":"67e65118-521f-4a62-99a1-f4926c0e1626"}}
{"__type":"$$EventMessageConfirm","confirm":"17ce0340-dda1-415d-8a37-ee2d84d6061a","ts":"2025-12-24T12:30:54.515+00:00","source":{"id":"0","name":"eventBus"}}
{"__type":"$$EventMessageWorkflow","id":"9edab983-af0c-4e35-b6be-8dbab3610d4f","ts":"2025-12-24T12:30:54.520+00:00","eventName":"n8n.workflow.failed","message":"n8n.workflow.failed","payload":{"userId":"b81aa271-a943-4fc5-8b52-765c7ba556e2","executionId":"4","success":false,"isManual":true,"workflowId":"SOFnLJ6MODSGPrOk","workflowName":"Python","lastNodeExecuted":"Read/Write Files from Disk","errorNodeType":"n8n-nodes-base.readWriteFile","errorMessage":"No file(s) found"}}
{"__type":"$$EventMessageConfirm","confirm":"9edab983-af0c-4e35-b6be-8dbab3610d4f","ts":"2025-12-24T12:30:54.520+00:00","source":{"id":"0","name":"eventBus"}}
{"__type":"$$EventMessageWorkflow","id":"20ec19ae-8dbd-43e1-8e9d-d119c46ac082","ts":"2025-12-24T12:31:19.255+00:00","eventName":"n8n.workflow.started","message":"n8n.workflow.started","payload":{"executionId":"5","workflowId":"SOFnLJ6MODSGPrOk","isManual":false,"workflowName":"Python"}}
{"__type":"$$EventMessageConfirm","confirm":"20ec19ae-8dbd-43e1-8e9d-d119c46ac082","ts":"2025-12-24T12:31:19.255+00:00","source":{"id":"0","name":"eventBus"}}
{"__type":"$$EventMessageNode","id":"6253c67e-41e9-4c27-99d5-7d1f2766a979","ts":"2025-12-24T12:31:19.257+00:00","eventName":"n8n.node.started","message":"n8n.node.started","payload":{"workflowId":"SOFnLJ6MODSGPrOk","workflowName":"Python","executionId":"5","nodeType":"n8n-nodes-base.readWriteFile","nodeName":"Read/Write Files from Disk","nodeId":"67e65118-521f-4a62-99a1-f4926c0e1626"}}
{"__type":"$$EventMessageConfirm","confirm":"6253c67e-41e9-4c27-99d5-7d1f2766a979","ts":"2025-12-24T12:31:19.257+00:00","source":{"id":"0","name":"eventBus"}}
{"__type":"$$EventMessageNode","id":"1ec08aa2-52c4-4adf-8a4a-ca5aa7adfcd6","ts":"2025-12-24T12:31:19.279+00:00","eventName":"n8n.node.finished","message":"n8n.node.finished","payload":{"workflowId":"SOFnLJ6MODSGPrOk","workflowName":"Python","executionId":"5","nodeType":"n8n-nodes-base.readWriteFile","nodeName":"Read/Write Files from Disk","nodeId":"67e65118-521f-4a62-99a1-f4926c0e1626"}}
{"__type":"$$EventMessageConfirm","confirm":"1ec08aa2-52c4-4adf-8a4a-ca5aa7adfcd6","ts":"2025-12-24T12:31:19.280+00:00","source":{"id":"0","name":"eventBus"}}
{"__type":"$$EventMessageWorkflow","id":"8cede856-63a2-4cf4-8689-1d75c628cfce","ts":"2025-12-24T12:31:19.283+00:00","eventName":"n8n.workflow.failed","message":"n8n.workflow.failed","payload":{"userId":"b81aa271-a943-4fc5-8b52-765c7ba556e2","executionId":"5","success":false,"isManual":true,"workflowId":"SOFnLJ6MODSGPrOk","workflowName":"Python","lastNodeExecuted":"Read/Write Files from Disk","errorNodeType":"n8n-nodes-base.readWriteFile","errorMessage":"Access to the file is not allowed. Allowed paths: /home/node/.n8n-files"}}
{"__type":"$$EventMessageConfirm","confirm":"8cede856-63a2-4cf4-8689-1d75c628cfce","ts":"2025-12-24T12:31:19.283+00:00","source":{"id":"0","name":"eventBus"}}
