{"__type":"$$EventMessageAudit","id":"82dfaa26-9db2-4f26-8437-5a1ccabd6e5f","ts":"2025-12-30T14:02:21.786+00:00","eventName":"n8n.audit.user.login.success","message":"n8n.audit.user.login.success","payload":{"userId":"b81aa271-a943-4fc5-8b52-765c7ba556e2","_email":"hasnainn8nahmed@gmail.com","_firstName":"HASNAIN","_lastName":"AHMED","globalRole":"global:owner","authenticationMethod":"email"}}
{"__type":"$$EventMessageConfirm","confirm":"82dfaa26-9db2-4f26-8437-5a1ccabd6e5f","ts":"2025-12-30T14:02:21.787+00:00","source":{"id":"0","name":"eventBus"}}
{"__type":"$$EventMessageAudit","id":"4a456876-645c-4817-8c95-e3f297c1642a","ts":"2025-12-30T14:03:24.005+00:00","eventName":"n8n.audit.user.credentials.created","message":"n8n.audit.user.credentials.created","payload":{"userId":"b81aa271-a943-4fc5-8b52-765c7ba556e2","_email":"hasnainn8nahmed@gmail.com","_firstName":"HASNAIN","_lastName":"AHMED","globalRole":"global:owner","credentialType":"googlePalmApi","credentialId":"RA5RdNlJ8d1h9VMO","publicApi":false,"projectId":"LgCkYp1G7msd55vp","projectType":"personal"}}
{"__type":"$$EventMessageConfirm","confirm":"4a456876-645c-4817-8c95-e3f297c1642a","ts":"2025-12-30T14:03:24.005+00:00","source":{"id":"0","name":"eventBus"}}
{"__type":"$$EventMessageWorkflow","id":"203d7796-86bd-480f-b247-e8bde0e6bacd","ts":"2025-12-30T09:03:48.942-05:00","eventName":"n8n.workflow.started","message":"n8n.workflow.started","payload":{"executionId":"6","workflowId":"SOFnLJ6MODSGPrOk","isManual":false,"workflowName":"PDF parsing template"}}
{"__type":"$$EventMessageConfirm","confirm":"203d7796-86bd-480f-b247-e8bde0e6bacd","ts":"2025-12-30T09:03:48.959-05:00","source":{"id":"0","name":"eventBus"}}
{"__type":"$$EventMessageNode","id":"617b2a55-61b9-477a-91bc-152acf484f9d","ts":"2025-12-30T09:03:48.964-05:00","eventName":"n8n.node.started","message":"n8n.node.started","payload":{"workflowId":"SOFnLJ6MODSGPrOk","workflowName":"PDF parsing template","executionId":"6","nodeType":"n8n-nodes-base.manualTrigger","nodeName":"When clicking ‘Execute workflow’","nodeId":"1c1ef9e7-aed8-4e50-b7c4-02bc8c0484db"}}
{"__type":"$$EventMessageConfirm","confirm":"617b2a55-61b9-477a-91bc-152acf484f9d","ts":"2025-12-30T09:03:48.965-05:00","source":{"id":"0","name":"eventBus"}}
{"__type":"$$EventMessageNode","id":"f856ecf2-da0e-425d-8dab-fb289a1ac36f","ts":"2025-12-30T09:03:48.980-05:00","eventName":"n8n.node.finished","message":"n8n.node.finished","payload":{"workflowId":"SOFnLJ6MODSGPrOk","workflowName":"PDF parsing template","executionId":"6","nodeType":"n8n-nodes-base.manualTrigger","nodeName":"When clicking ‘Execute workflow’","nodeId":"1c1ef9e7-aed8-4e50-b7c4-02bc8c0484db"}}
{"__type":"$$EventMessageConfirm","confirm":"f856ecf2-da0e-425d-8dab-fb289a1ac36f","ts":"2025-12-30T09:03:48.980-05:00","source":{"id":"0","name":"eventBus"}}
{"__type":"$$EventMessageNode","id":"0d833561-54cb-47bd-ae9d-73a54aca7abf","ts":"2025-12-30T09:03:49.016-05:00","eventName":"n8n.node.started","message":"n8n.node.started","payload":{"workflowId":"SOFnLJ6MODSGPrOk","workflowName":"PDF parsing template","executionId":"6","nodeType":"n8n-nodes-base.httpRequest","nodeName":"HTTP Request","nodeId":"8ef28422-2a1e-4802-be1b-b801f7946e59"}}
{"__type":"$$EventMessageConfirm","confirm":"0d833561-54cb-47bd-ae9d-73a54aca7abf","ts":"2025-12-30T09:03:49.017-05:00","source":{"id":"0","name":"eventBus"}}
{"__type":"$$EventMessageNode","id":"bb76a7af-240f-4e0a-92e9-55b5ea4e5833","ts":"2025-12-30T09:03:49.113-05:00","eventName":"n8n.node.finished","message":"n8n.node.finished","payload":{"workflowId":"SOFnLJ6MODSGPrOk","workflowName":"PDF parsing template","executionId":"6","nodeType":"n8n-nodes-base.httpRequest","nodeName":"HTTP Request","nodeId":"8ef28422-2a1e-4802-be1b-b801f7946e59"}}
{"__type":"$$EventMessageConfirm","confirm":"bb76a7af-240f-4e0a-92e9-55b5ea4e5833","ts":"2025-12-30T09:03:49.113-05:00","source":{"id":"0","name":"eventBus"}}
{"__type":"$$EventMessageWorkflow","id":"407a1814-77dd-4105-8ee3-6e8c23e0313e","ts":"2025-12-30T09:03:49.136-05:00","eventName":"n8n.workflow.failed","message":"n8n.workflow.failed","payload":{"userId":"b81aa271-a943-4fc5-8b52-765c7ba556e2","executionId":"6","success":false,"isManual":true,"workflowId":"SOFnLJ6MODSGPrOk","workflowName":"PDF parsing template","lastNodeExecuted":"HTTP Request","errorNodeType":"n8n-nodes-base.httpRequest","errorMessage":"Invalid URL: curl http://localhost:8000/list-invoices. URL must start with \"http\" or \"https\"."}}
{"__type":"$$EventMessageConfirm","confirm":"407a1814-77dd-4105-8ee3-6e8c23e0313e","ts":"2025-12-30T09:03:49.136-05:00","source":{"id":"0","name":"eventBus"}}
{"__type":"$$EventMessageWorkflow","id":"1953fe34-672c-4646-9d0f-97be23c198d9","ts":"2025-12-30T09:04:00.877-05:00","eventName":"n8n.workflow.started","message":"n8n.workflow.started","payload":{"executionId":"7","workflowId":"SOFnLJ6MODSGPrOk","isManual":false,"workflowName":"PDF parsing template"}}
{"__type":"$$EventMessageConfirm","confirm":"1953fe34-672c-4646-9d0f-97be23c198d9","ts":"2025-12-30T09:04:00.877-05:00","source":{"id":"0","name":"eventBus"}}
{"__type":"$$EventMessageNode","id":"f3ca37ba-fadd-4cba-8d8e-a0c86856704a","ts":"2025-12-30T09:04:00.883-05:00","eventName":"n8n.node.started","message":"n8n.node.started","payload":{"workflowId":"SOFnLJ6MODSGPrOk","workflowName":"PDF parsing template","executionId":"7","nodeType":"n8n-nodes-base.manualTrigger","nodeName":"When clicking ‘Execute workflow’","nodeId":"1c1ef9e7-aed8-4e50-b7c4-02bc8c0484db"}}
{"__type":"$$EventMessageConfirm","confirm":"f3ca37ba-fadd-4cba-8d8e-a0c86856704a","ts":"2025-12-30T09:04:00.883-05:00","source":{"id":"0","name":"eventBus"}}
{"__type":"$$EventMessageNode","id":"ed7bd24f-c678-4e37-b328-8c170ffb3dd3","ts":"2025-12-30T09:04:00.884-05:00","eventName":"n8n.node.finished","message":"n8n.node.finished","payload":{"workflowId":"SOFnLJ6MODSGPrOk","workflowName":"PDF parsing template","executionId":"7","nodeType":"n8n-nodes-base.manualTrigger","nodeName":"When clicking ‘Execute workflow’","nodeId":"1c1ef9e7-aed8-4e50-b7c4-02bc8c0484db"}}
{"__type":"$$EventMessageConfirm","confirm":"ed7bd24f-c678-4e37-b328-8c170ffb3dd3","ts":"2025-12-30T09:04:00.884-05:00","source":{"id":"0","name":"eventBus"}}
{"__type":"$$EventMessageNode","id":"5d8285bb-d9b6-46dd-ba67-de096033acd1","ts":"2025-12-30T09:04:00.886-05:00","eventName":"n8n.node.started","message":"n8n.node.started","payload":{"workflowId":"SOFnLJ6MODSGPrOk","workflowName":"PDF parsing template","executionId":"7","nodeType":"n8n-nodes-base.httpRequest","nodeName":"HTTP Request","nodeId":"8ef28422-2a1e-4802-be1b-b801f7946e59"}}
{"__type":"$$EventMessageConfirm","confirm":"5d8285bb-d9b6-46dd-ba67-de096033acd1","ts":"2025-12-30T09:04:00.886-05:00","source":{"id":"0","name":"eventBus"}}
{"__type":"$$EventMessageNode","id":"7c50fe89-74c4-4526-b9dd-aeb82a378c55","ts":"2025-12-30T09:04:00.945-05:00","eventName":"n8n.node.finished","message":"n8n.node.finished","payload":{"workflowId":"SOFnLJ6MODSGPrOk","workflowName":"PDF parsing template","executionId":"7","nodeType":"n8n-nodes-base.httpRequest","nodeName":"HTTP Request","nodeId":"8ef28422-2a1e-4802-be1b-b801f7946e59"}}
{"__type":"$$EventMessageConfirm","confirm":"7c50fe89-74c4-4526-b9dd-aeb82a378c55","ts":"2025-12-30T09:04:00.945-05:00","source":{"id":"0","name":"eventBus"}}
{"__type":"$$EventMessageWorkflow","id":"c0debaf1-ba5b-483f-b271-df9ab3eecd08","ts":"2025-12-30T09:04:00.964-05:00","eventName":"n8n.workflow.failed","message":"n8n.workflow.failed","payload":{"userId":"b81aa271-a943-4fc5-8b52-765c7ba556e2","executionId":"7","success":false,"isManual":true,"workflowId":"SOFnLJ6MODSGPrOk","workflowName":"PDF parsing template","lastNodeExecuted":"HTTP Request","errorNodeType":"n8n-nodes-base.httpRequest","errorMessage":"The service refused the connection - perhaps it is offline"}}
{"__type":"$$EventMessageConfirm","confirm":"c0debaf1-ba5b-483f-b271-df9ab3eecd08","ts":"2025-12-30T09:04:00.964-05:00","source":{"id":"0","name":"eventBus"}}
{"__type":"$$EventMessageWorkflow","id":"150051c0-f9b5-46a4-9151-8a002abc8ec4","ts":"2025-12-30T09:04:33.366-05:00","eventName":"n8n.workflow.started","message":"n8n.workflow.started","payload":{"executionId":"8","workflowId":"SOFnLJ6MODSGPrOk","isManual":false,"workflowName":"PDF parsing template"}}
{"__type":"$$EventMessageConfirm","confirm":"150051c0-f9b5-46a4-9151-8a002abc8ec4","ts":"2025-12-30T09:04:33.366-05:00","source":{"id":"0","name":"eventBus"}}
{"__type":"$$EventMessageNode","id":"e5140cab-9c56-4c17-b9b7-90fe71ac7606","ts":"2025-12-30T09:04:33.369-05:00","eventName":"n8n.node.started","message":"n8n.node.started","payload":{"workflowId":"SOFnLJ6MODSGPrOk","workflowName":"PDF parsing template","executionId":"8","nodeType":"n8n-nodes-base.manualTrigger","nodeName":"When clicking ‘Execute workflow’","nodeId":"1c1ef9e7-aed8-4e50-b7c4-02bc8c0484db"}}
{"__type":"$$EventMessageConfirm","confirm":"e5140cab-9c56-4c17-b9b7-90fe71ac7606","ts":"2025-12-30T09:04:33.369-05:00","source":{"id":"0","name":"eventBus"}}
{"__type":"$$EventMessageNode","id":"cc8aead2-90d0-4876-b197-ae2c0cd8ad88","ts":"2025-12-30T09:04:33.370-05:00","eventName":"n8n.node.finished","message":"n8n.node.finished","payload":{"workflowId":"SOFnLJ6MODSGPrOk","workflowName":"PDF parsing template","executionId":"8","nodeType":"n8n-nodes-base.manualTrigger","nodeName":"When clicking ‘Execute workflow’","nodeId":"1c1ef9e7-aed8-4e50-b7c4-02bc8c0484db"}}
{"__type":"$$EventMessageConfirm","confirm":"cc8aead2-90d0-4876-b197-ae2c0cd8ad88","ts":"2025-12-30T09:04:33.371-05:00","source":{"id":"0","name":"eventBus"}}
{"__type":"$$EventMessageNode","id":"acae780d-b917-48f5-804e-68d0e340700c","ts":"2025-12-30T09:04:33.372-05:00","eventName":"n8n.node.started","message":"n8n.node.started","payload":{"workflowId":"SOFnLJ6MODSGPrOk","workflowName":"PDF parsing template","executionId":"8","nodeType":"n8n-nodes-base.httpRequest","nodeName":"HTTP Request","nodeId":"8ef28422-2a1e-4802-be1b-b801f7946e59"}}
{"__type":"$$EventMessageConfirm","confirm":"acae780d-b917-48f5-804e-68d0e340700c","ts":"2025-12-30T09:04:33.372-05:00","source":{"id":"0","name":"eventBus"}}
{"__type":"$$EventMessageNode","id":"b43b84de-bc3b-4c6b-8299-07f7112c4520","ts":"2025-12-30T09:04:33.409-05:00","eventName":"n8n.node.finished","message":"n8n.node.finished","payload":{"workflowId":"SOFnLJ6MODSGPrOk","workflowName":"PDF parsing template","executionId":"8","nodeType":"n8n-nodes-base.httpRequest","nodeName":"HTTP Request","nodeId":"8ef28422-2a1e-4802-be1b-b801f7946e59"}}
{"__type":"$$EventMessageConfirm","confirm":"b43b84de-bc3b-4c6b-8299-07f7112c4520","ts":"2025-12-30T09:04:33.412-05:00","source":{"id":"0","name":"eventBus"}}
{"__type":"$$EventMessageWorkflow","id":"2309e138-16d2-436b-8851-507b920d3a18","ts":"2025-12-30T09:04:33.422-05:00","eventName":"n8n.workflow.failed","message":"n8n.workflow.failed","payload":{"userId":"b81aa271-a943-4fc5-8b52-765c7ba556e2","executionId":"8","success":false,"isManual":true,"workflowId":"SOFnLJ6MODSGPrOk","workflowName":"PDF parsing template","lastNodeExecuted":"HTTP Request","errorNodeType":"n8n-nodes-base.httpRequest","errorMessage":"The service refused the connection - perhaps it is offline"}}
{"__type":"$$EventMessageConfirm","confirm":"2309e138-16d2-436b-8851-507b920d3a18","ts":"2025-12-30T09:04:33.422-05:00","source":{"id":"0","name":"eventBus"}}
{"__type":"$$EventMessageWorkflow","id":"11f1ea79-4a96-432a-92e3-fc1e839b57e9","ts":"2025-12-30T09:04:58.215-05:00","eventName":"n8n.workflow.started","message":"n8n.workflow.started","payload":{"executionId":"9","workflowId":"SOFnLJ6MODSGPrOk","isManual":false,"workflowName":"PDF parsing template"}}
{"__type":"$$EventMessageConfirm","confirm":"11f1ea79-4a96-432a-92e3-fc1e839b57e9","ts":"2025-12-30T09:04:58.215-05:00","source":{"id":"0","name":"eventBus"}}
{"__type":"$$EventMessageNode","id":"7e30ec46-c631-4a1f-8815-8ea7be07ab13","ts":"2025-12-30T09:04:58.217-05:00","eventName":"n8n.node.started","message":"n8n.node.started","payload":{"workflowId":"SOFnLJ6MODSGPrOk","workflowName":"PDF parsing template","executionId":"9","nodeType":"n8n-nodes-base.manualTrigger","nodeName":"When clicking ‘Execute workflow’","nodeId":"1c1ef9e7-aed8-4e50-b7c4-02bc8c0484db"}}
{"__type":"$$EventMessageConfirm","confirm":"7e30ec46-c631-4a1f-8815-8ea7be07ab13","ts":"2025-12-30T09:04:58.217-05:00","source":{"id":"0","name":"eventBus"}}
{"__type":"$$EventMessageNode","id":"521596fb-792b-4e5c-a4f4-418636f4bf91","ts":"2025-12-30T09:04:58.218-05:00","eventName":"n8n.node.finished","message":"n8n.node.finished","payload":{"workflowId":"SOFnLJ6MODSGPrOk","workflowName":"PDF parsing template","executionId":"9","nodeType":"n8n-nodes-base.manualTrigger","nodeName":"When clicking ‘Execute workflow’","nodeId":"1c1ef9e7-aed8-4e50-b7c4-02bc8c0484db"}}
{"__type":"$$EventMessageConfirm","confirm":"521596fb-792b-4e5c-a4f4-418636f4bf91","ts":"2025-12-30T09:04:58.219-05:00","source":{"id":"0","name":"eventBus"}}
{"__type":"$$EventMessageNode","id":"7281b88f-e97a-4b83-82a6-85324270d604","ts":"2025-12-30T09:04:58.231-05:00","eventName":"n8n.node.started","message":"n8n.node.started","payload":{"workflowId":"SOFnLJ6MODSGPrOk","workflowName":"PDF parsing template","executionId":"9","nodeType":"n8n-nodes-base.httpRequest","nodeName":"HTTP Request","nodeId":"8ef28422-2a1e-4802-be1b-b801f7946e59"}}
{"__type":"$$EventMessageConfirm","confirm":"7281b88f-e97a-4b83-82a6-85324270d604","ts":"2025-12-30T09:04:58.231-05:00","source":{"id":"0","name":"eventBus"}}
{"__type":"$$EventMessageNode","id":"c5e4ead0-31cc-46f6-b1c3-2913ea024f57","ts":"2025-12-30T09:04:58.342-05:00","eventName":"n8n.node.finished","message":"n8n.node.finished","payload":{"workflowId":"SOFnLJ6MODSGPrOk","workflowName":"PDF parsing template","executionId":"9","nodeType":"n8n-nodes-base.httpRequest","nodeName":"HTTP Request","nodeId":"8ef28422-2a1e-4802-be1b-b801f7946e59"}}
{"__type":"$$EventMessageConfirm","confirm":"c5e4ead0-31cc-46f6-b1c3-2913ea024f57","ts":"2025-12-30T09:04:58.343-05:00","source":{"id":"0","name":"eventBus"}}
{"__type":"$$EventMessageWorkflow","id":"a864926a-ee93-41d0-abd8-1ceab2319362","ts":"2025-12-30T09:04:58.349-05:00","eventName":"n8n.workflow.success","message":"n8n.workflow.success","payload":{"userId":"b81aa271-a943-4fc5-8b52-765c7ba556e2","executionId":"9","success":true,"isManual":true,"workflowId":"SOFnLJ6MODSGPrOk","workflowName":"PDF parsing template"}}
{"__type":"$$EventMessageConfirm","confirm":"a864926a-ee93-41d0-abd8-1ceab2319362","ts":"2025-12-30T09:04:58.349-05:00","source":{"id":"0","name":"eventBus"}}
{"__type":"$$EventMessageWorkflow","id":"20c7a1e9-b7d9-4fcd-aeee-0918e52058f4","ts":"2025-12-30T09:05:47.364-05:00","eventName":"n8n.workflow.started","message":"n8n.workflow.started","payload":{"executionId":"10","workflowId":"SOFnLJ6MODSGPrOk","isManual":false,"workflowName":"PDF parsing template"}}
{"__type":"$$EventMessageConfirm","confirm":"20c7a1e9-b7d9-4fcd-aeee-0918e52058f4","ts":"2025-12-30T09:05:47.365-05:00","source":{"id":"0","name":"eventBus"}}
{"__type":"$$EventMessageNode","id":"dfe80ccc-14e8-4ad0-81d0-fda9bc4c483e","ts":"2025-12-30T09:05:47.366-05:00","eventName":"n8n.node.started","message":"n8n.node.started","payload":{"workflowId":"SOFnLJ6MODSGPrOk","workflowName":"PDF parsing template","executionId":"10","nodeType":"n8n-nodes-base.manualTrigger","nodeName":"When clicking ‘Execute workflow’","nodeId":"1c1ef9e7-aed8-4e50-b7c4-02bc8c0484db"}}
{"__type":"$$EventMessageConfirm","confirm":"dfe80ccc-14e8-4ad0-81d0-fda9bc4c483e","ts":"2025-12-30T09:05:47.374-05:00","source":{"id":"0","name":"eventBus"}}
{"__type":"$$EventMessageNode","id":"cea5209b-3cdf-4095-9575-a785a9090bf0","ts":"2025-12-30T09:05:47.377-05:00","eventName":"n8n.node.finished","message":"n8n.node.finished","payload":{"workflowId":"SOFnLJ6MODSGPrOk","workflowName":"PDF parsing template","executionId":"10","nodeType":"n8n-nodes-base.manualTrigger","nodeName":"When clicking ‘Execute workflow’","nodeId":"1c1ef9e7-aed8-4e50-b7c4-02bc8c0484db"}}
{"__type":"$$EventMessageConfirm","confirm":"cea5209b-3cdf-4095-9575-a785a9090bf0","ts":"2025-12-30T09:05:47.377-05:00","source":{"id":"0","name":"eventBus"}}
{"__type":"$$EventMessageNode","id":"4a91f6f2-8930-4517-a656-a7c186f3161b","ts":"2025-12-30T09:05:47.379-05:00","eventName":"n8n.node.started","message":"n8n.node.started","payload":{"workflowId":"SOFnLJ6MODSGPrOk","workflowName":"PDF parsing template","executionId":"10","nodeType":"n8n-nodes-base.code","nodeName":"Code in JavaScript","nodeId":"e46ac761-ad24-429b-a12d-409a84121ee7"}}
{"__type":"$$EventMessageConfirm","confirm":"4a91f6f2-8930-4517-a656-a7c186f3161b","ts":"2025-12-30T09:05:47.379-05:00","source":{"id":"0","name":"eventBus"}}
{"__type":"$$EventMessageRunner","id":"853a64ff-fc0f-4c0b-8b40-0abe4910dbfa","ts":"2025-12-30T09:05:47.386-05:00","eventName":"n8n.runner.task.requested","message":"n8n.runner.task.requested","payload":{"taskId":"vzqF6X7v","nodeId":"e46ac761-ad24-429b-a12d-409a84121ee7","workflowId":"SOFnLJ6MODSGPrOk","executionId":"10"}}
{"__type":"$$EventMessageConfirm","confirm":"853a64ff-fc0f-4c0b-8b40-0abe4910dbfa","ts":"2025-12-30T09:05:47.386-05:00","source":{"id":"0","name":"eventBus"}}
{"__type":"$$EventMessageRunner","id":"fdf6f5e0-c46d-4f1c-b172-fc0b39c1cb9c","ts":"2025-12-30T09:05:47.506-05:00","eventName":"n8n.runner.response.received","message":"n8n.runner.response.received","payload":{"taskId":"vzqF6X7v","nodeId":"e46ac761-ad24-429b-a12d-409a84121ee7","workflowId":"SOFnLJ6MODSGPrOk","executionId":"10"}}
{"__type":"$$EventMessageConfirm","confirm":"fdf6f5e0-c46d-4f1c-b172-fc0b39c1cb9c","ts":"2025-12-30T09:05:47.506-05:00","source":{"id":"0","name":"eventBus"}}
{"__type":"$$EventMessageNode","id":"7b4e4c3e-78c5-4b95-ac67-82a9fb991bd5","ts":"2025-12-30T09:05:47.508-05:00","eventName":"n8n.node.finished","message":"n8n.node.finished","payload":{"workflowId":"SOFnLJ6MODSGPrOk","workflowName":"PDF parsing template","executionId":"10","nodeType":"n8n-nodes-base.code","nodeName":"Code in JavaScript","nodeId":"e46ac761-ad24-429b-a12d-409a84121ee7"}}
{"__type":"$$EventMessageConfirm","confirm":"7b4e4c3e-78c5-4b95-ac67-82a9fb991bd5","ts":"2025-12-30T09:05:47.508-05:00","source":{"id":"0","name":"eventBus"}}
{"__type":"$$EventMessageNode","id":"66497343-8c1d-409f-99d4-d9772106b5f6","ts":"2025-12-30T09:05:47.510-05:00","eventName":"n8n.node.started","message":"n8n.node.started","payload":{"workflowId":"SOFnLJ6MODSGPrOk","workflowName":"PDF parsing template","executionId":"10","nodeType":"n8n-nodes-base.switch","nodeName":"Switch","nodeId":"2e52ec13-a3e3-4c33-adef-b8f8dc649664"}}
{"__type":"$$EventMessageConfirm","confirm":"66497343-8c1d-409f-99d4-d9772106b5f6","ts":"2025-12-30T09:05:47.510-05:00","source":{"id":"0","name":"eventBus"}}
{"__type":"$$EventMessageNode","id":"5fcfcb22-dcdf-4e29-8897-34227f5ca6d8","ts":"2025-12-30T09:05:47.591-05:00","eventName":"n8n.node.finished","message":"n8n.node.finished","payload":{"workflowId":"SOFnLJ6MODSGPrOk","workflowName":"PDF parsing template","executionId":"10","nodeType":"n8n-nodes-base.switch","nodeName":"Switch","nodeId":"2e52ec13-a3e3-4c33-adef-b8f8dc649664"}}
{"__type":"$$EventMessageConfirm","confirm":"5fcfcb22-dcdf-4e29-8897-34227f5ca6d8","ts":"2025-12-30T09:05:47.591-05:00","source":{"id":"0","name":"eventBus"}}
{"__type":"$$EventMessageNode","id":"7609e72a-c7ad-4879-bbaa-c53ea0cf9509","ts":"2025-12-30T09:05:47.592-05:00","eventName":"n8n.node.started","message":"n8n.node.started","payload":{"workflowId":"SOFnLJ6MODSGPrOk","workflowName":"PDF parsing template","executionId":"10","nodeType":"n8n-nodes-base.httpRequest","nodeName":"HTTP Request","nodeId":"8ef28422-2a1e-4802-be1b-b801f7946e59"}}
{"__type":"$$EventMessageConfirm","confirm":"7609e72a-c7ad-4879-bbaa-c53ea0cf9509","ts":"2025-12-30T09:05:47.593-05:00","source":{"id":"0","name":"eventBus"}}
{"__type":"$$EventMessageNode","id":"bbfbc403-99ef-4fee-b456-8b16c64c22ee","ts":"2025-12-30T09:05:47.629-05:00","eventName":"n8n.node.finished","message":"n8n.node.finished","payload":{"workflowId":"SOFnLJ6MODSGPrOk","workflowName":"PDF parsing template","executionId":"10","nodeType":"n8n-nodes-base.httpRequest","nodeName":"HTTP Request","nodeId":"8ef28422-2a1e-4802-be1b-b801f7946e59"}}
{"__type":"$$EventMessageConfirm","confirm":"bbfbc403-99ef-4fee-b456-8b16c64c22ee","ts":"2025-12-30T09:05:47.629-05:00","source":{"id":"0","name":"eventBus"}}
{"__type":"$$EventMessageNode","id":"ebe5e20c-94ac-4d3f-a061-22ad22f66a3b","ts":"2025-12-30T09:05:47.631-05:00","eventName":"n8n.node.started","message":"n8n.node.started","payload":{"workflowId":"SOFnLJ6MODSGPrOk","workflowName":"PDF parsing template","executionId":"10","nodeType":"n8n-nodes-base.readWriteFile","nodeName":"Read/Write Files from Disk","nodeId":"abd87163-16f2-40bb-bd7c-9760871ca9cf"}}
{"__type":"$$EventMessageConfirm","confirm":"ebe5e20c-94ac-4d3f-a061-22ad22f66a3b","ts":"2025-12-30T09:05:47.631-05:00","source":{"id":"0","name":"eventBus"}}
{"__type":"$$EventMessageNode","id":"183a4d98-2504-4b4a-aec0-51b85f672ba6","ts":"2025-12-30T09:05:47.749-05:00","eventName":"n8n.node.finished","message":"n8n.node.finished","payload":{"workflowId":"SOFnLJ6MODSGPrOk","workflowName":"PDF parsing template","executionId":"10","nodeType":"n8n-nodes-base.readWriteFile","nodeName":"Read/Write Files from Disk","nodeId":"abd87163-16f2-40bb-bd7c-9760871ca9cf"}}
{"__type":"$$EventMessageConfirm","confirm":"183a4d98-2504-4b4a-aec0-51b85f672ba6","ts":"2025-12-30T09:05:47.750-05:00","source":{"id":"0","name":"eventBus"}}
{"__type":"$$EventMessageNode","id":"81c51fc5-4129-4be7-ba87-702ea89f5d16","ts":"2025-12-30T09:05:47.751-05:00","eventName":"n8n.node.started","message":"n8n.node.started","payload":{"workflowId":"SOFnLJ6MODSGPrOk","workflowName":"PDF parsing template","executionId":"10","nodeType":"n8n-nodes-base.extractFromFile","nodeName":"Extract from File1","nodeId":"664bb777-caf5-4857-ab67-4d4dfdd6527a"}}
{"__type":"$$EventMessageConfirm","confirm":"81c51fc5-4129-4be7-ba87-702ea89f5d16","ts":"2025-12-30T09:05:47.751-05:00","source":{"id":"0","name":"eventBus"}}
{"__type":"$$EventMessageNode","id":"71e77f4f-34fc-4823-9076-8b28db90b042","ts":"2025-12-30T09:05:47.831-05:00","eventName":"n8n.node.finished","message":"n8n.node.finished","payload":{"workflowId":"SOFnLJ6MODSGPrOk","workflowName":"PDF parsing template","executionId":"10","nodeType":"n8n-nodes-base.extractFromFile","nodeName":"Extract from File1","nodeId":"664bb777-caf5-4857-ab67-4d4dfdd6527a"}}
{"__type":"$$EventMessageConfirm","confirm":"71e77f4f-34fc-4823-9076-8b28db90b042","ts":"2025-12-30T09:05:47.832-05:00","source":{"id":"0","name":"eventBus"}}
{"__type":"$$EventMessageNode","id":"cabae05b-71e3-45d3-ab27-49cea3fb4d6a","ts":"2025-12-30T09:05:47.833-05:00","eventName":"n8n.node.started","message":"n8n.node.started","payload":{"workflowId":"SOFnLJ6MODSGPrOk","workflowName":"PDF parsing template","executionId":"10","nodeType":"n8n-nodes-base.set","nodeName":"Edit Fields1","nodeId":"99f9e4f1-7c68-4187-b9d3-772908236add"}}
{"__type":"$$EventMessageConfirm","confirm":"cabae05b-71e3-45d3-ab27-49cea3fb4d6a","ts":"2025-12-30T09:05:47.834-05:00","source":{"id":"0","name":"eventBus"}}
{"__type":"$$EventMessageNode","id":"79ef68b4-d207-4343-b99b-da7c095facae","ts":"2025-12-30T09:05:47.861-05:00","eventName":"n8n.node.finished","message":"n8n.node.finished","payload":{"workflowId":"SOFnLJ6MODSGPrOk","workflowName":"PDF parsing template","executionId":"10","nodeType":"n8n-nodes-base.set","nodeName":"Edit Fields1","nodeId":"99f9e4f1-7c68-4187-b9d3-772908236add"}}
{"__type":"$$EventMessageConfirm","confirm":"79ef68b4-d207-4343-b99b-da7c095facae","ts":"2025-12-30T09:05:47.862-05:00","source":{"id":"0","name":"eventBus"}}
{"__type":"$$EventMessageNode","id":"1d417ab7-9ec2-4ae4-8d09-087cb877a258","ts":"2025-12-30T09:05:47.863-05:00","eventName":"n8n.node.started","message":"n8n.node.started","payload":{"workflowId":"SOFnLJ6MODSGPrOk","workflowName":"PDF parsing template","executionId":"10","nodeType":"n8n-nodes-base.readWriteFile","nodeName":"Read/Write Files from Disk2","nodeId":"100f8204-4bcf-4a65-abe8-99fb22d1b02e"}}
{"__type":"$$EventMessageConfirm","confirm":"1d417ab7-9ec2-4ae4-8d09-087cb877a258","ts":"2025-12-30T09:05:47.863-05:00","source":{"id":"0","name":"eventBus"}}
{"__type":"$$EventMessageNode","id":"b2e6e733-7e77-4f54-b45c-f8a3ce117f54","ts":"2025-12-30T09:05:48.789-05:00","eventName":"n8n.node.finished","message":"n8n.node.finished","payload":{"workflowId":"SOFnLJ6MODSGPrOk","workflowName":"PDF parsing template","executionId":"10","nodeType":"n8n-nodes-base.readWriteFile","nodeName":"Read/Write Files from Disk2","nodeId":"100f8204-4bcf-4a65-abe8-99fb22d1b02e"}}
{"__type":"$$EventMessageConfirm","confirm":"b2e6e733-7e77-4f54-b45c-f8a3ce117f54","ts":"2025-12-30T09:05:48.789-05:00","source":{"id":"0","name":"eventBus"}}
{"__type":"$$EventMessageNode","id":"9b6cf870-729a-4065-b3ba-f782ab5df7a0","ts":"2025-12-30T09:05:48.790-05:00","eventName":"n8n.node.started","message":"n8n.node.started","payload":{"workflowId":"SOFnLJ6MODSGPrOk","workflowName":"PDF parsing template","executionId":"10","nodeType":"n8n-nodes-base.extractFromFile","nodeName":"Extract from File2","nodeId":"fe688967-aa79-4a48-9d4c-33adc975880e"}}
{"__type":"$$EventMessageConfirm","confirm":"9b6cf870-729a-4065-b3ba-f782ab5df7a0","ts":"2025-12-30T09:05:48.790-05:00","source":{"id":"0","name":"eventBus"}}
{"__type":"$$EventMessageNode","id":"88fffdf8-630e-47dc-811b-46f955b7c8d0","ts":"2025-12-30T09:05:48.836-05:00","eventName":"n8n.node.finished","message":"n8n.node.finished","payload":{"workflowId":"SOFnLJ6MODSGPrOk","workflowName":"PDF parsing template","executionId":"10","nodeType":"n8n-nodes-base.extractFromFile","nodeName":"Extract from File2","nodeId":"fe688967-aa79-4a48-9d4c-33adc975880e"}}
{"__type":"$$EventMessageConfirm","confirm":"88fffdf8-630e-47dc-811b-46f955b7c8d0","ts":"2025-12-30T09:05:48.836-05:00","source":{"id":"0","name":"eventBus"}}
{"__type":"$$EventMessageNode","id":"ba1ecfa7-c866-4007-8f0d-3e4595e27fb2","ts":"2025-12-30T09:05:48.838-05:00","eventName":"n8n.node.started","message":"n8n.node.started","payload":{"workflowId":"SOFnLJ6MODSGPrOk","workflowName":"PDF parsing template","executionId":"10","nodeType":"n8n-nodes-base.set","nodeName":"Edit Fields2","nodeId":"cd341f45-689f-4fe6-a7ec-c82ff337a0e8"}}
{"__type":"$$EventMessageConfirm","confirm":"ba1ecfa7-c866-4007-8f0d-3e4595e27fb2","ts":"2025-12-30T09:05:48.838-05:00","source":{"id":"0","name":"eventBus"}}
{"__type":"$$EventMessageNode","id":"d3eff5e0-54c1-4d6c-ace8-d7a73adaf935","ts":"2025-12-30T09:05:48.840-05:00","eventName":"n8n.node.finished","message":"n8n.node.finished","payload":{"workflowId":"SOFnLJ6MODSGPrOk","workflowName":"PDF parsing template","executionId":"10","nodeType":"n8n-nodes-base.set","nodeName":"Edit Fields2","nodeId":"cd341f45-689f-4fe6-a7ec-c82ff337a0e8"}}
{"__type":"$$EventMessageConfirm","confirm":"d3eff5e0-54c1-4d6c-ace8-d7a73adaf935","ts":"2025-12-30T09:05:48.841-05:00","source":{"id":"0","name":"eventBus"}}
{"__type":"$$EventMessageNode","id":"df798c8d-2642-4759-987c-0db48c72494a","ts":"2025-12-30T09:05:48.842-05:00","eventName":"n8n.node.started","message":"n8n.node.started","payload":{"workflowId":"SOFnLJ6MODSGPrOk","workflowName":"PDF parsing template","executionId":"10","nodeType":"n8n-nodes-base.readWriteFile","nodeName":"Read/Write Files from Disk3","nodeId":"a753c0bf-3d41-4b9f-9c69-f4550702358d"}}
{"__type":"$$EventMessageConfirm","confirm":"df798c8d-2642-4759-987c-0db48c72494a","ts":"2025-12-30T09:05:48.842-05:00","source":{"id":"0","name":"eventBus"}}
{"__type":"$$EventMessageNode","id":"853ca78c-99e7-45c7-b519-3a6028be2e37","ts":"2025-12-30T09:05:48.965-05:00","eventName":"n8n.node.finished","message":"n8n.node.finished","payload":{"workflowId":"SOFnLJ6MODSGPrOk","workflowName":"PDF parsing template","executionId":"10","nodeType":"n8n-nodes-base.readWriteFile","nodeName":"Read/Write Files from Disk3","nodeId":"a753c0bf-3d41-4b9f-9c69-f4550702358d"}}
{"__type":"$$EventMessageConfirm","confirm":"853ca78c-99e7-45c7-b519-3a6028be2e37","ts":"2025-12-30T09:05:48.965-05:00","source":{"id":"0","name":"eventBus"}}
{"__type":"$$EventMessageNode","id":"ea8a256f-5d21-4e77-9c7c-c8870bddb086","ts":"2025-12-30T09:05:48.966-05:00","eventName":"n8n.node.started","message":"n8n.node.started","payload":{"workflowId":"SOFnLJ6MODSGPrOk","workflowName":"PDF parsing template","executionId":"10","nodeType":"n8n-nodes-base.extractFromFile","nodeName":"Extract from File3","nodeId":"7e780f97-fcbe-45b1-9a98-15f155f45c61"}}
{"__type":"$$EventMessageConfirm","confirm":"ea8a256f-5d21-4e77-9c7c-c8870bddb086","ts":"2025-12-30T09:05:48.966-05:00","source":{"id":"0","name":"eventBus"}}
{"__type":"$$EventMessageNode","id":"31988c4a-0902-43f3-a6d7-43d7819d20e8","ts":"2025-12-30T09:05:49.033-05:00","eventName":"n8n.node.finished","message":"n8n.node.finished","payload":{"workflowId":"SOFnLJ6MODSGPrOk","workflowName":"PDF parsing template","executionId":"10","nodeType":"n8n-nodes-base.extractFromFile","nodeName":"Extract from File3","nodeId":"7e780f97-fcbe-45b1-9a98-15f155f45c61"}}
{"__type":"$$EventMessageConfirm","confirm":"31988c4a-0902-43f3-a6d7-43d7819d20e8","ts":"2025-12-30T09:05:49.034-05:00","source":{"id":"0","name":"eventBus"}}
{"__type":"$$EventMessageNode","id":"99510c6a-b256-43cc-8838-8cff5f8f3cc3","ts":"2025-12-30T09:05:49.035-05:00","eventName":"n8n.node.started","message":"n8n.node.started","payload":{"workflowId":"SOFnLJ6MODSGPrOk","workflowName":"PDF parsing template","executionId":"10","nodeType":"n8n-nodes-base.set","nodeName":"Edit Fields3","nodeId":"a66f96f6-f16b-493f-b530-2c81f5c1eb3c"}}
{"__type":"$$EventMessageConfirm","confirm":"99510c6a-b256-43cc-8838-8cff5f8f3cc3","ts":"2025-12-30T09:05:49.035-05:00","source":{"id":"0","name":"eventBus"}}
{"__type":"$$EventMessageNode","id":"cf8fd95f-5bf9-43e8-a4f0-e5ae847f6071","ts":"2025-12-30T09:05:49.038-05:00","eventName":"n8n.node.finished","message":"n8n.node.finished","payload":{"workflowId":"SOFnLJ6MODSGPrOk","workflowName":"PDF parsing template","executionId":"10","nodeType":"n8n-nodes-base.set","nodeName":"Edit Fields3","nodeId":"a66f96f6-f16b-493f-b530-2c81f5c1eb3c"}}
{"__type":"$$EventMessageConfirm","confirm":"cf8fd95f-5bf9-43e8-a4f0-e5ae847f6071","ts":"2025-12-30T09:05:49.038-05:00","source":{"id":"0","name":"eventBus"}}
{"__type":"$$EventMessageNode","id":"256be3ef-377e-441f-bb6a-d60b150ed211","ts":"2025-12-30T09:05:49.039-05:00","eventName":"n8n.node.started","message":"n8n.node.started","payload":{"workflowId":"SOFnLJ6MODSGPrOk","workflowName":"PDF parsing template","executionId":"10","nodeType":"n8n-nodes-base.readWriteFile","nodeName":"Read/Write Files from Disk4","nodeId":"bed9c426-7807-4e15-a840-e7f62eb15930"}}
{"__type":"$$EventMessageConfirm","confirm":"256be3ef-377e-441f-bb6a-d60b150ed211","ts":"2025-12-30T09:05:49.039-05:00","source":{"id":"0","name":"eventBus"}}
{"__type":"$$EventMessageNode","id":"aa2e81c8-c066-4a93-984a-c1bd238790b0","ts":"2025-12-30T09:05:49.149-05:00","eventName":"n8n.node.finished","message":"n8n.node.finished","payload":{"workflowId":"SOFnLJ6MODSGPrOk","workflowName":"PDF parsing template","executionId":"10","nodeType":"n8n-nodes-base.readWriteFile","nodeName":"Read/Write Files from Disk4","nodeId":"bed9c426-7807-4e15-a840-e7f62eb15930"}}
{"__type":"$$EventMessageConfirm","confirm":"aa2e81c8-c066-4a93-984a-c1bd238790b0","ts":"2025-12-30T09:05:49.149-05:00","source":{"id":"0","name":"eventBus"}}
{"__type":"$$EventMessageNode","id":"f393ac44-e22c-4fc6-a2f5-b2038fe34ad7","ts":"2025-12-30T09:05:49.150-05:00","eventName":"n8n.node.started","message":"n8n.node.started","payload":{"workflowId":"SOFnLJ6MODSGPrOk","workflowName":"PDF parsing template","executionId":"10","nodeType":"n8n-nodes-base.extractFromFile","nodeName":"Extract from File4","nodeId":"71469970-8c26-4bbb-bc3d-c6a1e9db2286"}}
{"__type":"$$EventMessageConfirm","confirm":"f393ac44-e22c-4fc6-a2f5-b2038fe34ad7","ts":"2025-12-30T09:05:49.150-05:00","source":{"id":"0","name":"eventBus"}}
{"__type":"$$EventMessageNode","id":"85dac02a-1a8b-4b93-a8ef-7751bf3023f4","ts":"2025-12-30T09:05:49.210-05:00","eventName":"n8n.node.finished","message":"n8n.node.finished","payload":{"workflowId":"SOFnLJ6MODSGPrOk","workflowName":"PDF parsing template","executionId":"10","nodeType":"n8n-nodes-base.extractFromFile","nodeName":"Extract from File4","nodeId":"71469970-8c26-4bbb-bc3d-c6a1e9db2286"}}
{"__type":"$$EventMessageConfirm","confirm":"85dac02a-1a8b-4b93-a8ef-7751bf3023f4","ts":"2025-12-30T09:05:49.210-05:00","source":{"id":"0","name":"eventBus"}}
{"__type":"$$EventMessageNode","id":"42e169cb-c28e-4428-bb72-525204ec3b35","ts":"2025-12-30T09:05:49.211-05:00","eventName":"n8n.node.started","message":"n8n.node.started","payload":{"workflowId":"SOFnLJ6MODSGPrOk","workflowName":"PDF parsing template","executionId":"10","nodeType":"n8n-nodes-base.set","nodeName":"Edit Fields4","nodeId":"54d55548-124a-4b92-aca8-9a9209bbd24d"}}
{"__type":"$$EventMessageConfirm","confirm":"42e169cb-c28e-4428-bb72-525204ec3b35","ts":"2025-12-30T09:05:49.211-05:00","source":{"id":"0","name":"eventBus"}}
{"__type":"$$EventMessageNode","id":"2393a05b-1e32-44a5-9dab-ebafc6a6df05","ts":"2025-12-30T09:05:49.214-05:00","eventName":"n8n.node.finished","message":"n8n.node.finished","payload":{"workflowId":"SOFnLJ6MODSGPrOk","workflowName":"PDF parsing template","executionId":"10","nodeType":"n8n-nodes-base.set","nodeName":"Edit Fields4","nodeId":"54d55548-124a-4b92-aca8-9a9209bbd24d"}}
{"__type":"$$EventMessageConfirm","confirm":"2393a05b-1e32-44a5-9dab-ebafc6a6df05","ts":"2025-12-30T09:05:49.214-05:00","source":{"id":"0","name":"eventBus"}}
{"__type":"$$EventMessageNode","id":"1c591078-4991-4deb-8c9f-ebfcbeb90a62","ts":"2025-12-30T09:05:49.250-05:00","eventName":"n8n.node.started","message":"n8n.node.started","payload":{"workflowId":"SOFnLJ6MODSGPrOk","workflowName":"PDF parsing template","executionId":"10","nodeType":"n8n-nodes-base.merge","nodeName":"Merge","nodeId":"7e442c6d-c844-457b-9751-91f8f81f3907"}}
{"__type":"$$EventMessageConfirm","confirm":"1c591078-4991-4deb-8c9f-ebfcbeb90a62","ts":"2025-12-30T09:05:49.251-05:00","source":{"id":"0","name":"eventBus"}}
{"__type":"$$EventMessageNode","id":"361c33dc-9780-4a41-87fb-12d0dcc17b94","ts":"2025-12-30T09:05:49.366-05:00","eventName":"n8n.node.finished","message":"n8n.node.finished","payload":{"workflowId":"SOFnLJ6MODSGPrOk","workflowName":"PDF parsing template","executionId":"10","nodeType":"n8n-nodes-base.merge","nodeName":"Merge","nodeId":"7e442c6d-c844-457b-9751-91f8f81f3907"}}
{"__type":"$$EventMessageConfirm","confirm":"361c33dc-9780-4a41-87fb-12d0dcc17b94","ts":"2025-12-30T09:05:49.367-05:00","source":{"id":"0","name":"eventBus"}}
{"__type":"$$EventMessageWorkflow","id":"3fb0ec7d-5ff0-4a0b-8109-94b3a433537b","ts":"2025-12-30T09:05:49.374-05:00","eventName":"n8n.workflow.success","message":"n8n.workflow.success","payload":{"userId":"b81aa271-a943-4fc5-8b52-765c7ba556e2","executionId":"10","success":true,"isManual":true,"workflowId":"SOFnLJ6MODSGPrOk","workflowName":"PDF parsing template"}}
{"__type":"$$EventMessageConfirm","confirm":"3fb0ec7d-5ff0-4a0b-8109-94b3a433537b","ts":"2025-12-30T09:05:49.375-05:00","source":{"id":"0","name":"eventBus"}}
{"__type":"$$EventMessageWorkflow","id":"4b0a86c1-ebae-4080-990a-1e0ed9367fb0","ts":"2025-12-30T09:07:38.964-05:00","eventName":"n8n.workflow.started","message":"n8n.workflow.started","payload":{"executionId":"11","workflowId":"SOFnLJ6MODSGPrOk","isManual":false,"workflowName":"PDF parsing template"}}
{"__type":"$$EventMessageConfirm","confirm":"4b0a86c1-ebae-4080-990a-1e0ed9367fb0","ts":"2025-12-30T09:07:38.965-05:00","source":{"id":"0","name":"eventBus"}}
{"__type":"$$EventMessageNode","id":"392a4f77-fcb4-43a9-a4b2-8307fd397253","ts":"2025-12-30T09:07:38.966-05:00","eventName":"n8n.node.started","message":"n8n.node.started","payload":{"workflowId":"SOFnLJ6MODSGPrOk","workflowName":"PDF parsing template","executionId":"11","nodeType":"n8n-nodes-base.manualTrigger","nodeName":"When clicking ‘Execute workflow’","nodeId":"1c1ef9e7-aed8-4e50-b7c4-02bc8c0484db"}}
{"__type":"$$EventMessageConfirm","confirm":"392a4f77-fcb4-43a9-a4b2-8307fd397253","ts":"2025-12-30T09:07:38.967-05:00","source":{"id":"0","name":"eventBus"}}
{"__type":"$$EventMessageNode","id":"85363553-9fc6-4e17-aa4a-b676fd8e5d82","ts":"2025-12-30T09:07:38.968-05:00","eventName":"n8n.node.finished","message":"n8n.node.finished","payload":{"workflowId":"SOFnLJ6MODSGPrOk","workflowName":"PDF parsing template","executionId":"11","nodeType":"n8n-nodes-base.manualTrigger","nodeName":"When clicking ‘Execute workflow’","nodeId":"1c1ef9e7-aed8-4e50-b7c4-02bc8c0484db"}}
{"__type":"$$EventMessageConfirm","confirm":"85363553-9fc6-4e17-aa4a-b676fd8e5d82","ts":"2025-12-30T09:07:38.968-05:00","source":{"id":"0","name":"eventBus"}}
{"__type":"$$EventMessageNode","id":"5104fe2c-e27e-45f6-929b-18c0614d62dd","ts":"2025-12-30T09:07:38.969-05:00","eventName":"n8n.node.started","message":"n8n.node.started","payload":{"workflowId":"SOFnLJ6MODSGPrOk","workflowName":"PDF parsing template","executionId":"11","nodeType":"n8n-nodes-base.code","nodeName":"Code in JavaScript","nodeId":"e46ac761-ad24-429b-a12d-409a84121ee7"}}
{"__type":"$$EventMessageConfirm","confirm":"5104fe2c-e27e-45f6-929b-18c0614d62dd","ts":"2025-12-30T09:07:38.969-05:00","source":{"id":"0","name":"eventBus"}}
{"__type":"$$EventMessageRunner","id":"2392160a-8925-4260-92c6-38ffaa086f8b","ts":"2025-12-30T09:07:38.972-05:00","eventName":"n8n.runner.task.requested","message":"n8n.runner.task.requested","payload":{"taskId":"HMswZJYW","nodeId":"e46ac761-ad24-429b-a12d-409a84121ee7","workflowId":"SOFnLJ6MODSGPrOk","executionId":"11"}}
{"__type":"$$EventMessageConfirm","confirm":"2392160a-8925-4260-92c6-38ffaa086f8b","ts":"2025-12-30T09:07:38.972-05:00","source":{"id":"0","name":"eventBus"}}
{"__type":"$$EventMessageRunner","id":"a17e33b7-26f8-46e3-884e-a0777cb603c9","ts":"2025-12-30T09:07:38.990-05:00","eventName":"n8n.runner.response.received","message":"n8n.runner.response.received","payload":{"taskId":"HMswZJYW","nodeId":"e46ac761-ad24-429b-a12d-409a84121ee7","workflowId":"SOFnLJ6MODSGPrOk","executionId":"11"}}
{"__type":"$$EventMessageConfirm","confirm":"a17e33b7-26f8-46e3-884e-a0777cb603c9","ts":"2025-12-30T09:07:38.990-05:00","source":{"id":"0","name":"eventBus"}}
{"__type":"$$EventMessageNode","id":"4ad01436-5923-4ca0-be8b-62690090e98a","ts":"2025-12-30T09:07:38.991-05:00","eventName":"n8n.node.finished","message":"n8n.node.finished","payload":{"workflowId":"SOFnLJ6MODSGPrOk","workflowName":"PDF parsing template","executionId":"11","nodeType":"n8n-nodes-base.code","nodeName":"Code in JavaScript","nodeId":"e46ac761-ad24-429b-a12d-409a84121ee7"}}
{"__type":"$$EventMessageConfirm","confirm":"4ad01436-5923-4ca0-be8b-62690090e98a","ts":"2025-12-30T09:07:38.991-05:00","source":{"id":"0","name":"eventBus"}}
{"__type":"$$EventMessageNode","id":"86312ef9-2d22-4bb1-bc24-6b5d27094d43","ts":"2025-12-30T09:07:38.992-05:00","eventName":"n8n.node.started","message":"n8n.node.started","payload":{"workflowId":"SOFnLJ6MODSGPrOk","workflowName":"PDF parsing template","executionId":"11","nodeType":"n8n-nodes-base.switch","nodeName":"Switch","nodeId":"2e52ec13-a3e3-4c33-adef-b8f8dc649664"}}
{"__type":"$$EventMessageConfirm","confirm":"86312ef9-2d22-4bb1-bc24-6b5d27094d43","ts":"2025-12-30T09:07:38.992-05:00","source":{"id":"0","name":"eventBus"}}
{"__type":"$$EventMessageNode","id":"63e3aba8-6a06-4cc5-926d-420f6505adea","ts":"2025-12-30T09:07:39.052-05:00","eventName":"n8n.node.finished","message":"n8n.node.finished","payload":{"workflowId":"SOFnLJ6MODSGPrOk","workflowName":"PDF parsing template","executionId":"11","nodeType":"n8n-nodes-base.switch","nodeName":"Switch","nodeId":"2e52ec13-a3e3-4c33-adef-b8f8dc649664"}}
{"__type":"$$EventMessageConfirm","confirm":"63e3aba8-6a06-4cc5-926d-420f6505adea","ts":"2025-12-30T09:07:39.053-05:00","source":{"id":"0","name":"eventBus"}}
{"__type":"$$EventMessageNode","id":"a2d5bb4c-35f8-4e6e-befc-5a5e6a4ed36c","ts":"2025-12-30T09:07:39.054-05:00","eventName":"n8n.node.started","message":"n8n.node.started","payload":{"workflowId":"SOFnLJ6MODSGPrOk","workflowName":"PDF parsing template","executionId":"11","nodeType":"n8n-nodes-base.httpRequest","nodeName":"HTTP Request","nodeId":"8ef28422-2a1e-4802-be1b-b801f7946e59"}}
{"__type":"$$EventMessageConfirm","confirm":"a2d5bb4c-35f8-4e6e-befc-5a5e6a4ed36c","ts":"2025-12-30T09:07:39.055-05:00","source":{"id":"0","name":"eventBus"}}
{"__type":"$$EventMessageNode","id":"2854190e-be04-43fa-915e-ee30b39dabed","ts":"2025-12-30T09:07:39.136-05:00","eventName":"n8n.node.finished","message":"n8n.node.finished","payload":{"workflowId":"SOFnLJ6MODSGPrOk","workflowName":"PDF parsing template","executionId":"11","nodeType":"n8n-nodes-base.httpRequest","nodeName":"HTTP Request","nodeId":"8ef28422-2a1e-4802-be1b-b801f7946e59"}}
{"__type":"$$EventMessageConfirm","confirm":"2854190e-be04-43fa-915e-ee30b39dabed","ts":"2025-12-30T09:07:39.137-05:00","source":{"id":"0","name":"eventBus"}}
{"__type":"$$EventMessageNode","id":"9d32076a-24bb-4af7-a9d2-9ca974734fb8","ts":"2025-12-30T09:07:39.138-05:00","eventName":"n8n.node.started","message":"n8n.node.started","payload":{"workflowId":"SOFnLJ6MODSGPrOk","workflowName":"PDF parsing template","executionId":"11","nodeType":"n8n-nodes-base.code","nodeName":"Code in JavaScript1","nodeId":"2c1ab7e4-b586-41ee-a7c9-f15e72971109"}}
{"__type":"$$EventMessageConfirm","confirm":"9d32076a-24bb-4af7-a9d2-9ca974734fb8","ts":"2025-12-30T09:07:39.138-05:00","source":{"id":"0","name":"eventBus"}}
{"__type":"$$EventMessageRunner","id":"553bf77f-ee02-451d-a593-8dcfdca3f941","ts":"2025-12-30T09:07:39.140-05:00","eventName":"n8n.runner.task.requested","message":"n8n.runner.task.requested","payload":{"taskId":"DDQRBMWv","nodeId":"2c1ab7e4-b586-41ee-a7c9-f15e72971109","workflowId":"SOFnLJ6MODSGPrOk","executionId":"11"}}
{"__type":"$$EventMessageConfirm","confirm":"553bf77f-ee02-451d-a593-8dcfdca3f941","ts":"2025-12-30T09:07:39.141-05:00","source":{"id":"0","name":"eventBus"}}
{"__type":"$$EventMessageRunner","id":"bc0f63ba-7001-41dc-8b3a-d00b3f44ee8e","ts":"2025-12-30T09:07:39.164-05:00","eventName":"n8n.runner.response.received","message":"n8n.runner.response.received","payload":{"taskId":"DDQRBMWv","nodeId":"2c1ab7e4-b586-41ee-a7c9-f15e72971109","workflowId":"SOFnLJ6MODSGPrOk","executionId":"11"}}
{"__type":"$$EventMessageConfirm","confirm":"bc0f63ba-7001-41dc-8b3a-d00b3f44ee8e","ts":"2025-12-30T09:07:39.164-05:00","source":{"id":"0","name":"eventBus"}}
{"__type":"$$EventMessageNode","id":"26d14497-b74d-44f2-a835-4d61bc26647d","ts":"2025-12-30T09:07:39.165-05:00","eventName":"n8n.node.finished","message":"n8n.node.finished","payload":{"workflowId":"SOFnLJ6MODSGPrOk","workflowName":"PDF parsing template","executionId":"11","nodeType":"n8n-nodes-base.code","nodeName":"Code in JavaScript1","nodeId":"2c1ab7e4-b586-41ee-a7c9-f15e72971109"}}
{"__type":"$$EventMessageConfirm","confirm":"26d14497-b74d-44f2-a835-4d61bc26647d","ts":"2025-12-30T09:07:39.165-05:00","source":{"id":"0","name":"eventBus"}}
{"__type":"$$EventMessageNode","id":"42b25b51-a14e-4235-8896-6762c51bf4d8","ts":"2025-12-30T09:07:39.166-05:00","eventName":"n8n.node.started","message":"n8n.node.started","payload":{"workflowId":"SOFnLJ6MODSGPrOk","workflowName":"PDF parsing template","executionId":"11","nodeType":"n8n-nodes-base.readWriteFile","nodeName":"Read/Write Files from Disk","nodeId":"abd87163-16f2-40bb-bd7c-9760871ca9cf"}}
{"__type":"$$EventMessageConfirm","confirm":"42b25b51-a14e-4235-8896-6762c51bf4d8","ts":"2025-12-30T09:07:39.166-05:00","source":{"id":"0","name":"eventBus"}}
{"__type":"$$EventMessageNode","id":"59b2362f-dc68-439d-b559-e5e2986cac43","ts":"2025-12-30T09:07:39.238-05:00","eventName":"n8n.node.finished","message":"n8n.node.finished","payload":{"workflowId":"SOFnLJ6MODSGPrOk","workflowName":"PDF parsing template","executionId":"11","nodeType":"n8n-nodes-base.readWriteFile","nodeName":"Read/Write Files from Disk","nodeId":"abd87163-16f2-40bb-bd7c-9760871ca9cf"}}
{"__type":"$$EventMessageConfirm","confirm":"59b2362f-dc68-439d-b559-e5e2986cac43","ts":"2025-12-30T09:07:39.238-05:00","source":{"id":"0","name":"eventBus"}}
{"__type":"$$EventMessageNode","id":"7e05aaea-bd3f-4b19-839b-185e3995b09c","ts":"2025-12-30T09:07:39.240-05:00","eventName":"n8n.node.started","message":"n8n.node.started","payload":{"workflowId":"SOFnLJ6MODSGPrOk","workflowName":"PDF parsing template","executionId":"11","nodeType":"n8n-nodes-base.extractFromFile","nodeName":"Extract from File1","nodeId":"664bb777-caf5-4857-ab67-4d4dfdd6527a"}}
{"__type":"$$EventMessageConfirm","confirm":"7e05aaea-bd3f-4b19-839b-185e3995b09c","ts":"2025-12-30T09:07:39.240-05:00","source":{"id":"0","name":"eventBus"}}
{"__type":"$$EventMessageNode","id":"da3c2378-55ab-4494-a991-8f9f6670af19","ts":"2025-12-30T09:07:39.263-05:00","eventName":"n8n.node.finished","message":"n8n.node.finished","payload":{"workflowId":"SOFnLJ6MODSGPrOk","workflowName":"PDF parsing template","executionId":"11","nodeType":"n8n-nodes-base.extractFromFile","nodeName":"Extract from File1","nodeId":"664bb777-caf5-4857-ab67-4d4dfdd6527a"}}
{"__type":"$$EventMessageConfirm","confirm":"da3c2378-55ab-4494-a991-8f9f6670af19","ts":"2025-12-30T09:07:39.264-05:00","source":{"id":"0","name":"eventBus"}}
{"__type":"$$EventMessageNode","id":"90f51101-d250-4b69-aacd-8579c71cbc21","ts":"2025-12-30T09:07:39.265-05:00","eventName":"n8n.node.started","message":"n8n.node.started","payload":{"workflowId":"SOFnLJ6MODSGPrOk","workflowName":"PDF parsing template","executionId":"11","nodeType":"n8n-nodes-base.set","nodeName":"Edit Fields1","nodeId":"99f9e4f1-7c68-4187-b9d3-772908236add"}}
{"__type":"$$EventMessageConfirm","confirm":"90f51101-d250-4b69-aacd-8579c71cbc21","ts":"2025-12-30T09:07:39.265-05:00","source":{"id":"0","name":"eventBus"}}
{"__type":"$$EventMessageNode","id":"6744b672-df0d-4d55-b3db-d5beebde2e05","ts":"2025-12-30T09:07:39.267-05:00","eventName":"n8n.node.finished","message":"n8n.node.finished","payload":{"workflowId":"SOFnLJ6MODSGPrOk","workflowName":"PDF parsing template","executionId":"11","nodeType":"n8n-nodes-base.set","nodeName":"Edit Fields1","nodeId":"99f9e4f1-7c68-4187-b9d3-772908236add"}}
{"__type":"$$EventMessageConfirm","confirm":"6744b672-df0d-4d55-b3db-d5beebde2e05","ts":"2025-12-30T09:07:39.277-05:00","source":{"id":"0","name":"eventBus"}}
{"__type":"$$EventMessageNode","id":"306d1086-a1f0-4848-a725-5316a47b8cf7","ts":"2025-12-30T09:07:39.278-05:00","eventName":"n8n.node.started","message":"n8n.node.started","payload":{"workflowId":"SOFnLJ6MODSGPrOk","workflowName":"PDF parsing template","executionId":"11","nodeType":"n8n-nodes-base.readWriteFile","nodeName":"Read/Write Files from Disk2","nodeId":"100f8204-4bcf-4a65-abe8-99fb22d1b02e"}}
{"__type":"$$EventMessageConfirm","confirm":"306d1086-a1f0-4848-a725-5316a47b8cf7","ts":"2025-12-30T09:07:39.279-05:00","source":{"id":"0","name":"eventBus"}}
{"__type":"$$EventMessageNode","id":"08a9ace4-4294-4d44-be5a-69a112868eaa","ts":"2025-12-30T09:07:39.333-05:00","eventName":"n8n.node.finished","message":"n8n.node.finished","payload":{"workflowId":"SOFnLJ6MODSGPrOk","workflowName":"PDF parsing template","executionId":"11","nodeType":"n8n-nodes-base.readWriteFile","nodeName":"Read/Write Files from Disk2","nodeId":"100f8204-4bcf-4a65-abe8-99fb22d1b02e"}}
{"__type":"$$EventMessageConfirm","confirm":"08a9ace4-4294-4d44-be5a-69a112868eaa","ts":"2025-12-30T09:07:39.334-05:00","source":{"id":"0","name":"eventBus"}}
{"__type":"$$EventMessageNode","id":"240df043-56b2-424d-b42c-5d0f37e5cc50","ts":"2025-12-30T09:07:39.335-05:00","eventName":"n8n.node.started","message":"n8n.node.started","payload":{"workflowId":"SOFnLJ6MODSGPrOk","workflowName":"PDF parsing template","executionId":"11","nodeType":"n8n-nodes-base.extractFromFile","nodeName":"Extract from File2","nodeId":"fe688967-aa79-4a48-9d4c-33adc975880e"}}
{"__type":"$$EventMessageConfirm","confirm":"240df043-56b2-424d-b42c-5d0f37e5cc50","ts":"2025-12-30T09:07:39.335-05:00","source":{"id":"0","name":"eventBus"}}
{"__type":"$$EventMessageNode","id":"8f1164e1-450e-4d67-b981-7f75b89d096f","ts":"2025-12-30T09:07:39.370-05:00","eventName":"n8n.node.finished","message":"n8n.node.finished","payload":{"workflowId":"SOFnLJ6MODSGPrOk","workflowName":"PDF parsing template","executionId":"11","nodeType":"n8n-nodes-base.extractFromFile","nodeName":"Extract from File2","nodeId":"fe688967-aa79-4a48-9d4c-33adc975880e"}}
{"__type":"$$EventMessageConfirm","confirm":"8f1164e1-450e-4d67-b981-7f75b89d096f","ts":"2025-12-30T09:07:39.370-05:00","source":{"id":"0","name":"eventBus"}}
{"__type":"$$EventMessageNode","id":"d7ec796e-378e-4bef-933b-8861104e534c","ts":"2025-12-30T09:07:39.371-05:00","eventName":"n8n.node.started","message":"n8n.node.started","payload":{"workflowId":"SOFnLJ6MODSGPrOk","workflowName":"PDF parsing template","executionId":"11","nodeType":"n8n-nodes-base.set","nodeName":"Edit Fields2","nodeId":"cd341f45-689f-4fe6-a7ec-c82ff337a0e8"}}
{"__type":"$$EventMessageConfirm","confirm":"d7ec796e-378e-4bef-933b-8861104e534c","ts":"2025-12-30T09:07:39.372-05:00","source":{"id":"0","name":"eventBus"}}
{"__type":"$$EventMessageNode","id":"454e1d05-2a27-4904-995b-8164a69729c4","ts":"2025-12-30T09:07:39.374-05:00","eventName":"n8n.node.finished","message":"n8n.node.finished","payload":{"workflowId":"SOFnLJ6MODSGPrOk","workflowName":"PDF parsing template","executionId":"11","nodeType":"n8n-nodes-base.set","nodeName":"Edit Fields2","nodeId":"cd341f45-689f-4fe6-a7ec-c82ff337a0e8"}}
{"__type":"$$EventMessageConfirm","confirm":"454e1d05-2a27-4904-995b-8164a69729c4","ts":"2025-12-30T09:07:39.374-05:00","source":{"id":"0","name":"eventBus"}}
{"__type":"$$EventMessageNode","id":"70f8391c-005c-4fc5-96bb-b8398a8adce2","ts":"2025-12-30T09:07:39.375-05:00","eventName":"n8n.node.started","message":"n8n.node.started","payload":{"workflowId":"SOFnLJ6MODSGPrOk","workflowName":"PDF parsing template","executionId":"11","nodeType":"n8n-nodes-base.readWriteFile","nodeName":"Read/Write Files from Disk3","nodeId":"a753c0bf-3d41-4b9f-9c69-f4550702358d"}}
{"__type":"$$EventMessageConfirm","confirm":"70f8391c-005c-4fc5-96bb-b8398a8adce2","ts":"2025-12-30T09:07:39.375-05:00","source":{"id":"0","name":"eventBus"}}
{"__type":"$$EventMessageNode","id":"b4849023-e790-484f-ba4d-01efb9bdfabe","ts":"2025-12-30T09:07:39.425-05:00","eventName":"n8n.node.finished","message":"n8n.node.finished","payload":{"workflowId":"SOFnLJ6MODSGPrOk","workflowName":"PDF parsing template","executionId":"11","nodeType":"n8n-nodes-base.readWriteFile","nodeName":"Read/Write Files from Disk3","nodeId":"a753c0bf-3d41-4b9f-9c69-f4550702358d"}}
{"__type":"$$EventMessageConfirm","confirm":"b4849023-e790-484f-ba4d-01efb9bdfabe","ts":"2025-12-30T09:07:39.425-05:00","source":{"id":"0","name":"eventBus"}}
{"__type":"$$EventMessageNode","id":"0b5bf8ae-c924-463a-bf2e-7b85cddec4f8","ts":"2025-12-30T09:07:39.426-05:00","eventName":"n8n.node.started","message":"n8n.node.started","payload":{"workflowId":"SOFnLJ6MODSGPrOk","workflowName":"PDF parsing template","executionId":"11","nodeType":"n8n-nodes-base.extractFromFile","nodeName":"Extract from File3","nodeId":"7e780f97-fcbe-45b1-9a98-15f155f45c61"}}
{"__type":"$$EventMessageConfirm","confirm":"0b5bf8ae-c924-463a-bf2e-7b85cddec4f8","ts":"2025-12-30T09:07:39.427-05:00","source":{"id":"0","name":"eventBus"}}
{"__type":"$$EventMessageNode","id":"dde5421e-3001-4f41-810b-00b834060067","ts":"2025-12-30T09:07:39.449-05:00","eventName":"n8n.node.finished","message":"n8n.node.finished","payload":{"workflowId":"SOFnLJ6MODSGPrOk","workflowName":"PDF parsing template","executionId":"11","nodeType":"n8n-nodes-base.extractFromFile","nodeName":"Extract from File3","nodeId":"7e780f97-fcbe-45b1-9a98-15f155f45c61"}}
{"__type":"$$EventMessageConfirm","confirm":"dde5421e-3001-4f41-810b-00b834060067","ts":"2025-12-30T09:07:39.450-05:00","source":{"id":"0","name":"eventBus"}}
{"__type":"$$EventMessageNode","id":"858160ff-27de-4867-acc0-08f7eaf314ca","ts":"2025-12-30T09:07:39.451-05:00","eventName":"n8n.node.started","message":"n8n.node.started","payload":{"workflowId":"SOFnLJ6MODSGPrOk","workflowName":"PDF parsing template","executionId":"11","nodeType":"n8n-nodes-base.set","nodeName":"Edit Fields3","nodeId":"a66f96f6-f16b-493f-b530-2c81f5c1eb3c"}}
{"__type":"$$EventMessageConfirm","confirm":"858160ff-27de-4867-acc0-08f7eaf314ca","ts":"2025-12-30T09:07:39.451-05:00","source":{"id":"0","name":"eventBus"}}
{"__type":"$$EventMessageNode","id":"c392c852-19ed-4f7b-80a7-e5195600f440","ts":"2025-12-30T09:07:39.454-05:00","eventName":"n8n.node.finished","message":"n8n.node.finished","payload":{"workflowId":"SOFnLJ6MODSGPrOk","workflowName":"PDF parsing template","executionId":"11","nodeType":"n8n-nodes-base.set","nodeName":"Edit Fields3","nodeId":"a66f96f6-f16b-493f-b530-2c81f5c1eb3c"}}
{"__type":"$$EventMessageConfirm","confirm":"c392c852-19ed-4f7b-80a7-e5195600f440","ts":"2025-12-30T09:07:39.454-05:00","source":{"id":"0","name":"eventBus"}}
{"__type":"$$EventMessageNode","id":"9925df93-be60-49ff-88a7-bc0c4a832b52","ts":"2025-12-30T09:07:39.455-05:00","eventName":"n8n.node.started","message":"n8n.node.started","payload":{"workflowId":"SOFnLJ6MODSGPrOk","workflowName":"PDF parsing template","executionId":"11","nodeType":"n8n-nodes-base.readWriteFile","nodeName":"Read/Write Files from Disk4","nodeId":"bed9c426-7807-4e15-a840-e7f62eb15930"}}
{"__type":"$$EventMessageConfirm","confirm":"9925df93-be60-49ff-88a7-bc0c4a832b52","ts":"2025-12-30T09:07:39.455-05:00","source":{"id":"0","name":"eventBus"}}
{"__type":"$$EventMessageNode","id":"297cc3cc-398f-4436-b087-ca58619ba9c3","ts":"2025-12-30T09:07:39.513-05:00","eventName":"n8n.node.finished","message":"n8n.node.finished","payload":{"workflowId":"SOFnLJ6MODSGPrOk","workflowName":"PDF parsing template","executionId":"11","nodeType":"n8n-nodes-base.readWriteFile","nodeName":"Read/Write Files from Disk4","nodeId":"bed9c426-7807-4e15-a840-e7f62eb15930"}}
{"__type":"$$EventMessageConfirm","confirm":"297cc3cc-398f-4436-b087-ca58619ba9c3","ts":"2025-12-30T09:07:39.513-05:00","source":{"id":"0","name":"eventBus"}}
{"__type":"$$EventMessageNode","id":"11425ef0-ea05-47a0-9a6c-7b8f72ff737f","ts":"2025-12-30T09:07:39.514-05:00","eventName":"n8n.node.started","message":"n8n.node.started","payload":{"workflowId":"SOFnLJ6MODSGPrOk","workflowName":"PDF parsing template","executionId":"11","nodeType":"n8n-nodes-base.extractFromFile","nodeName":"Extract from File4","nodeId":"71469970-8c26-4bbb-bc3d-c6a1e9db2286"}}
{"__type":"$$EventMessageConfirm","confirm":"11425ef0-ea05-47a0-9a6c-7b8f72ff737f","ts":"2025-12-30T09:07:39.514-05:00","source":{"id":"0","name":"eventBus"}}
{"__type":"$$EventMessageNode","id":"727e7241-e7a1-42cb-b5d4-9bf404c6d494","ts":"2025-12-30T09:07:39.542-05:00","eventName":"n8n.node.finished","message":"n8n.node.finished","payload":{"workflowId":"SOFnLJ6MODSGPrOk","workflowName":"PDF parsing template","executionId":"11","nodeType":"n8n-nodes-base.extractFromFile","nodeName":"Extract from File4","nodeId":"71469970-8c26-4bbb-bc3d-c6a1e9db2286"}}
{"__type":"$$EventMessageConfirm","confirm":"727e7241-e7a1-42cb-b5d4-9bf404c6d494","ts":"2025-12-30T09:07:39.542-05:00","source":{"id":"0","name":"eventBus"}}
{"__type":"$$EventMessageNode","id":"6fc9e835-f2fe-4994-9d77-731229120b77","ts":"2025-12-30T09:07:39.543-05:00","eventName":"n8n.node.started","message":"n8n.node.started","payload":{"workflowId":"SOFnLJ6MODSGPrOk","workflowName":"PDF parsing template","executionId":"11","nodeType":"n8n-nodes-base.set","nodeName":"Edit Fields4","nodeId":"54d55548-124a-4b92-aca8-9a9209bbd24d"}}
{"__type":"$$EventMessageConfirm","confirm":"6fc9e835-f2fe-4994-9d77-731229120b77","ts":"2025-12-30T09:07:39.543-05:00","source":{"id":"0","name":"eventBus"}}
{"__type":"$$EventMessageNode","id":"69dabbea-de56-4404-9e86-9333f15020dd","ts":"2025-12-30T09:07:39.545-05:00","eventName":"n8n.node.finished","message":"n8n.node.finished","payload":{"workflowId":"SOFnLJ6MODSGPrOk","workflowName":"PDF parsing template","executionId":"11","nodeType":"n8n-nodes-base.set","nodeName":"Edit Fields4","nodeId":"54d55548-124a-4b92-aca8-9a9209bbd24d"}}
{"__type":"$$EventMessageConfirm","confirm":"69dabbea-de56-4404-9e86-9333f15020dd","ts":"2025-12-30T09:07:39.545-05:00","source":{"id":"0","name":"eventBus"}}
{"__type":"$$EventMessageNode","id":"7c9156f0-6d3f-4e3e-836f-6be334988961","ts":"2025-12-30T09:07:39.550-05:00","eventName":"n8n.node.started","message":"n8n.node.started","payload":{"workflowId":"SOFnLJ6MODSGPrOk","workflowName":"PDF parsing template","executionId":"11","nodeType":"n8n-nodes-base.merge","nodeName":"Merge","nodeId":"7e442c6d-c844-457b-9751-91f8f81f3907"}}
{"__type":"$$EventMessageConfirm","confirm":"7c9156f0-6d3f-4e3e-836f-6be334988961","ts":"2025-12-30T09:07:39.550-05:00","source":{"id":"0","name":"eventBus"}}
{"__type":"$$EventMessageNode","id":"356ada27-5e8e-4ede-b25c-f9b4e7971221","ts":"2025-12-30T09:07:39.556-05:00","eventName":"n8n.node.finished","message":"n8n.node.finished","payload":{"workflowId":"SOFnLJ6MODSGPrOk","workflowName":"PDF parsing template","executionId":"11","nodeType":"n8n-nodes-base.merge","nodeName":"Merge","nodeId":"7e442c6d-c844-457b-9751-91f8f81f3907"}}
{"__type":"$$EventMessageConfirm","confirm":"356ada27-5e8e-4ede-b25c-f9b4e7971221","ts":"2025-12-30T09:07:39.556-05:00","source":{"id":"0","name":"eventBus"}}
{"__type":"$$EventMessageWorkflow","id":"986bbd1b-8a74-47ce-9c08-6cd9c4dea570","ts":"2025-12-30T09:07:39.565-05:00","eventName":"n8n.workflow.success","message":"n8n.workflow.success","payload":{"userId":"b81aa271-a943-4fc5-8b52-765c7ba556e2","executionId":"11","success":true,"isManual":true,"workflowId":"SOFnLJ6MODSGPrOk","workflowName":"PDF parsing template"}}
{"__type":"$$EventMessageConfirm","confirm":"986bbd1b-8a74-47ce-9c08-6cd9c4dea570","ts":"2025-12-30T09:07:39.566-05:00","source":{"id":"0","name":"eventBus"}}
{"__type":"$$EventMessageWorkflow","id":"2f09c517-64ec-4f4b-800c-1dc4c42fd0ab","ts":"2025-12-30T09:08:42.215-05:00","eventName":"n8n.workflow.started","message":"n8n.workflow.started","payload":{"executionId":"12","workflowId":"SOFnLJ6MODSGPrOk","isManual":false,"workflowName":"PDF parsing template"}}
{"__type":"$$EventMessageConfirm","confirm":"2f09c517-64ec-4f4b-800c-1dc4c42fd0ab","ts":"2025-12-30T09:08:42.215-05:00","source":{"id":"0","name":"eventBus"}}
{"__type":"$$EventMessageNode","id":"c769d6a0-acbf-4798-a751-f9e36dc91ee0","ts":"2025-12-30T09:08:42.222-05:00","eventName":"n8n.node.started","message":"n8n.node.started","payload":{"workflowId":"SOFnLJ6MODSGPrOk","workflowName":"PDF parsing template","executionId":"12","nodeType":"n8n-nodes-base.splitInBatches","nodeName":"Loop Over Items","nodeId":"ddbaca52-85a3-404f-83ff-2af9457efb4d"}}
{"__type":"$$EventMessageConfirm","confirm":"c769d6a0-acbf-4798-a751-f9e36dc91ee0","ts":"2025-12-30T09:08:42.222-05:00","source":{"id":"0","name":"eventBus"}}
{"__type":"$$EventMessageNode","id":"55667c82-8934-463d-9937-2a0d5121c948","ts":"2025-12-30T09:08:42.224-05:00","eventName":"n8n.node.finished","message":"n8n.node.finished","payload":{"workflowId":"SOFnLJ6MODSGPrOk","workflowName":"PDF parsing template","executionId":"12","nodeType":"n8n-nodes-base.splitInBatches","nodeName":"Loop Over Items","nodeId":"ddbaca52-85a3-404f-83ff-2af9457efb4d"}}
{"__type":"$$EventMessageConfirm","confirm":"55667c82-8934-463d-9937-2a0d5121c948","ts":"2025-12-30T09:08:42.225-05:00","source":{"id":"0","name":"eventBus"}}
{"__type":"$$EventMessageNode","id":"6e8e06eb-5eec-4d5e-8aa5-3294a07f0fec","ts":"2025-12-30T09:08:42.226-05:00","eventName":"n8n.node.started","message":"n8n.node.started","payload":{"workflowId":"SOFnLJ6MODSGPrOk","workflowName":"PDF parsing template","executionId":"12","nodeType":"n8n-nodes-base.readWriteFile","nodeName":"Read/Write Files from Disk1","nodeId":"31b445bb-52d7-46b1-9b79-371f2c59afda"}}
{"__type":"$$EventMessageConfirm","confirm":"6e8e06eb-5eec-4d5e-8aa5-3294a07f0fec","ts":"2025-12-30T09:08:42.227-05:00","source":{"id":"0","name":"eventBus"}}
{"__type":"$$EventMessageNode","id":"c7c3665d-ece8-49b6-a337-5f2356456165","ts":"2025-12-30T09:08:42.258-05:00","eventName":"n8n.node.finished","message":"n8n.node.finished","payload":{"workflowId":"SOFnLJ6MODSGPrOk","workflowName":"PDF parsing template","executionId":"12","nodeType":"n8n-nodes-base.readWriteFile","nodeName":"Read/Write Files from Disk1","nodeId":"31b445bb-52d7-46b1-9b79-371f2c59afda"}}
{"__type":"$$EventMessageConfirm","confirm":"c7c3665d-ece8-49b6-a337-5f2356456165","ts":"2025-12-30T09:08:42.258-05:00","source":{"id":"0","name":"eventBus"}}
{"__type":"$$EventMessageWorkflow","id":"ead8a906-074e-4bff-b760-bc1331b1ee69","ts":"2025-12-30T09:08:42.275-05:00","eventName":"n8n.workflow.failed","message":"n8n.workflow.failed","payload":{"userId":"b81aa271-a943-4fc5-8b52-765c7ba556e2","executionId":"12","success":false,"isManual":true,"workflowId":"SOFnLJ6MODSGPrOk","workflowName":"PDF parsing template","lastNodeExecuted":"Read/Write Files from Disk1","errorNodeType":"n8n-nodes-base.readWriteFile","errorMessage":"No file(s) found"}}
{"__type":"$$EventMessageConfirm","confirm":"ead8a906-074e-4bff-b760-bc1331b1ee69","ts":"2025-12-30T09:08:42.275-05:00","source":{"id":"0","name":"eventBus"}}
{"__type":"$$EventMessageWorkflow","id":"aa900695-4c70-4574-ba14-393de5cbc78d","ts":"2025-12-30T09:09:53.640-05:00","eventName":"n8n.workflow.started","message":"n8n.workflow.started","payload":{"executionId":"13","workflowId":"SOFnLJ6MODSGPrOk","isManual":false,"workflowName":"PDF parsing template"}}
{"__type":"$$EventMessageConfirm","confirm":"aa900695-4c70-4574-ba14-393de5cbc78d","ts":"2025-12-30T09:09:53.641-05:00","source":{"id":"0","name":"eventBus"}}
{"__type":"$$EventMessageNode","id":"efb36175-9c4d-49b9-a608-399addbd440f","ts":"2025-12-30T09:09:53.642-05:00","eventName":"n8n.node.started","message":"n8n.node.started","payload":{"workflowId":"SOFnLJ6MODSGPrOk","workflowName":"PDF parsing template","executionId":"13","nodeType":"n8n-nodes-base.manualTrigger","nodeName":"When clicking ‘Execute workflow’","nodeId":"1c1ef9e7-aed8-4e50-b7c4-02bc8c0484db"}}
{"__type":"$$EventMessageConfirm","confirm":"efb36175-9c4d-49b9-a608-399addbd440f","ts":"2025-12-30T09:09:53.643-05:00","source":{"id":"0","name":"eventBus"}}
{"__type":"$$EventMessageNode","id":"f134d0a9-cd23-41d2-ba89-101647d5a077","ts":"2025-12-30T09:09:53.643-05:00","eventName":"n8n.node.finished","message":"n8n.node.finished","payload":{"workflowId":"SOFnLJ6MODSGPrOk","workflowName":"PDF parsing template","executionId":"13","nodeType":"n8n-nodes-base.manualTrigger","nodeName":"When clicking ‘Execute workflow’","nodeId":"1c1ef9e7-aed8-4e50-b7c4-02bc8c0484db"}}
{"__type":"$$EventMessageConfirm","confirm":"f134d0a9-cd23-41d2-ba89-101647d5a077","ts":"2025-12-30T09:09:53.643-05:00","source":{"id":"0","name":"eventBus"}}
{"__type":"$$EventMessageNode","id":"cb06e527-8665-4662-a707-f654f8765d71","ts":"2025-12-30T09:09:53.644-05:00","eventName":"n8n.node.started","message":"n8n.node.started","payload":{"workflowId":"SOFnLJ6MODSGPrOk","workflowName":"PDF parsing template","executionId":"13","nodeType":"n8n-nodes-base.code","nodeName":"Code in JavaScript","nodeId":"e46ac761-ad24-429b-a12d-409a84121ee7"}}
{"__type":"$$EventMessageConfirm","confirm":"cb06e527-8665-4662-a707-f654f8765d71","ts":"2025-12-30T09:09:53.645-05:00","source":{"id":"0","name":"eventBus"}}
{"__type":"$$EventMessageRunner","id":"d40454b3-1e43-47eb-8219-1bd8cfa6e33d","ts":"2025-12-30T09:09:53.647-05:00","eventName":"n8n.runner.task.requested","message":"n8n.runner.task.requested","payload":{"taskId":"sEOka3-P","nodeId":"e46ac761-ad24-429b-a12d-409a84121ee7","workflowId":"SOFnLJ6MODSGPrOk","executionId":"13"}}
{"__type":"$$EventMessageConfirm","confirm":"d40454b3-1e43-47eb-8219-1bd8cfa6e33d","ts":"2025-12-30T09:09:53.647-05:00","source":{"id":"0","name":"eventBus"}}
{"__type":"$$EventMessageRunner","id":"2c51aac4-afe0-4082-8813-affa019171dc","ts":"2025-12-30T09:09:53.668-05:00","eventName":"n8n.runner.response.received","message":"n8n.runner.response.received","payload":{"taskId":"sEOka3-P","nodeId":"e46ac761-ad24-429b-a12d-409a84121ee7","workflowId":"SOFnLJ6MODSGPrOk","executionId":"13"}}
{"__type":"$$EventMessageConfirm","confirm":"2c51aac4-afe0-4082-8813-affa019171dc","ts":"2025-12-30T09:09:53.668-05:00","source":{"id":"0","name":"eventBus"}}
{"__type":"$$EventMessageNode","id":"5cb61b51-4392-490c-a4fb-5e71fa0aacd6","ts":"2025-12-30T09:09:53.668-05:00","eventName":"n8n.node.finished","message":"n8n.node.finished","payload":{"workflowId":"SOFnLJ6MODSGPrOk","workflowName":"PDF parsing template","executionId":"13","nodeType":"n8n-nodes-base.code","nodeName":"Code in JavaScript","nodeId":"e46ac761-ad24-429b-a12d-409a84121ee7"}}
{"__type":"$$EventMessageConfirm","confirm":"5cb61b51-4392-490c-a4fb-5e71fa0aacd6","ts":"2025-12-30T09:09:53.668-05:00","source":{"id":"0","name":"eventBus"}}
{"__type":"$$EventMessageNode","id":"88c50175-de80-4bd1-9126-c2ef7ac689b4","ts":"2025-12-30T09:09:53.674-05:00","eventName":"n8n.node.started","message":"n8n.node.started","payload":{"workflowId":"SOFnLJ6MODSGPrOk","workflowName":"PDF parsing template","executionId":"13","nodeType":"n8n-nodes-base.switch","nodeName":"Switch","nodeId":"2e52ec13-a3e3-4c33-adef-b8f8dc649664"}}
{"__type":"$$EventMessageConfirm","confirm":"88c50175-de80-4bd1-9126-c2ef7ac689b4","ts":"2025-12-30T09:09:53.674-05:00","source":{"id":"0","name":"eventBus"}}
{"__type":"$$EventMessageNode","id":"ecd678d6-701f-4a91-a361-294d8b22ae6d","ts":"2025-12-30T09:09:53.757-05:00","eventName":"n8n.node.finished","message":"n8n.node.finished","payload":{"workflowId":"SOFnLJ6MODSGPrOk","workflowName":"PDF parsing template","executionId":"13","nodeType":"n8n-nodes-base.switch","nodeName":"Switch","nodeId":"2e52ec13-a3e3-4c33-adef-b8f8dc649664"}}
{"__type":"$$EventMessageConfirm","confirm":"ecd678d6-701f-4a91-a361-294d8b22ae6d","ts":"2025-12-30T09:09:53.757-05:00","source":{"id":"0","name":"eventBus"}}
{"__type":"$$EventMessageNode","id":"48e8e324-c873-4e65-a0bb-ae3c7dc152be","ts":"2025-12-30T09:09:53.759-05:00","eventName":"n8n.node.started","message":"n8n.node.started","payload":{"workflowId":"SOFnLJ6MODSGPrOk","workflowName":"PDF parsing template","executionId":"13","nodeType":"n8n-nodes-base.httpRequest","nodeName":"HTTP Request","nodeId":"8ef28422-2a1e-4802-be1b-b801f7946e59"}}
{"__type":"$$EventMessageConfirm","confirm":"48e8e324-c873-4e65-a0bb-ae3c7dc152be","ts":"2025-12-30T09:09:53.759-05:00","source":{"id":"0","name":"eventBus"}}
{"__type":"$$EventMessageNode","id":"a49e2b33-4d5d-49bd-9d8d-97517ca26a5f","ts":"2025-12-30T09:09:53.839-05:00","eventName":"n8n.node.finished","message":"n8n.node.finished","payload":{"workflowId":"SOFnLJ6MODSGPrOk","workflowName":"PDF parsing template","executionId":"13","nodeType":"n8n-nodes-base.httpRequest","nodeName":"HTTP Request","nodeId":"8ef28422-2a1e-4802-be1b-b801f7946e59"}}
{"__type":"$$EventMessageConfirm","confirm":"a49e2b33-4d5d-49bd-9d8d-97517ca26a5f","ts":"2025-12-30T09:09:53.840-05:00","source":{"id":"0","name":"eventBus"}}
{"__type":"$$EventMessageNode","id":"895ec40f-7c62-4b9a-92b4-d4133da864d3","ts":"2025-12-30T09:09:53.841-05:00","eventName":"n8n.node.started","message":"n8n.node.started","payload":{"workflowId":"SOFnLJ6MODSGPrOk","workflowName":"PDF parsing template","executionId":"13","nodeType":"n8n-nodes-base.code","nodeName":"Extract Files for Loop","nodeId":"2c1ab7e4-b586-41ee-a7c9-f15e72971109"}}
{"__type":"$$EventMessageConfirm","confirm":"895ec40f-7c62-4b9a-92b4-d4133da864d3","ts":"2025-12-30T09:09:53.841-05:00","source":{"id":"0","name":"eventBus"}}
{"__type":"$$EventMessageRunner","id":"631893e7-0cd0-4a2f-a630-b0d254856885","ts":"2025-12-30T09:09:53.854-05:00","eventName":"n8n.runner.task.requested","message":"n8n.runner.task.requested","payload":{"taskId":"jOmI52Og","nodeId":"2c1ab7e4-b586-41ee-a7c9-f15e72971109","workflowId":"SOFnLJ6MODSGPrOk","executionId":"13"}}
{"__type":"$$EventMessageConfirm","confirm":"631893e7-0cd0-4a2f-a630-b0d254856885","ts":"2025-12-30T09:09:53.854-05:00","source":{"id":"0","name":"eventBus"}}
{"__type":"$$EventMessageRunner","id":"82694d45-d8d3-4b62-9132-c4407c953814","ts":"2025-12-30T09:09:53.882-05:00","eventName":"n8n.runner.response.received","message":"n8n.runner.response.received","payload":{"taskId":"jOmI52Og","nodeId":"2c1ab7e4-b586-41ee-a7c9-f15e72971109","workflowId":"SOFnLJ6MODSGPrOk","executionId":"13"}}
{"__type":"$$EventMessageConfirm","confirm":"82694d45-d8d3-4b62-9132-c4407c953814","ts":"2025-12-30T09:09:53.882-05:00","source":{"id":"0","name":"eventBus"}}
{"__type":"$$EventMessageNode","id":"a9d3c818-8964-489d-ad11-0de116f089c0","ts":"2025-12-30T09:09:53.883-05:00","eventName":"n8n.node.finished","message":"n8n.node.finished","payload":{"workflowId":"SOFnLJ6MODSGPrOk","workflowName":"PDF parsing template","executionId":"13","nodeType":"n8n-nodes-base.code","nodeName":"Extract Files for Loop","nodeId":"2c1ab7e4-b586-41ee-a7c9-f15e72971109"}}
{"__type":"$$EventMessageConfirm","confirm":"a9d3c818-8964-489d-ad11-0de116f089c0","ts":"2025-12-30T09:09:53.883-05:00","source":{"id":"0","name":"eventBus"}}
{"__type":"$$EventMessageNode","id":"cc8a8e8a-c4fd-43f5-b3e4-5391faec12db","ts":"2025-12-30T09:09:53.884-05:00","eventName":"n8n.node.started","message":"n8n.node.started","payload":{"workflowId":"SOFnLJ6MODSGPrOk","workflowName":"PDF parsing template","executionId":"13","nodeType":"n8n-nodes-base.splitInBatches","nodeName":"Loop Over Items","nodeId":"ddbaca52-85a3-404f-83ff-2af9457efb4d"}}
{"__type":"$$EventMessageConfirm","confirm":"cc8a8e8a-c4fd-43f5-b3e4-5391faec12db","ts":"2025-12-30T09:09:53.885-05:00","source":{"id":"0","name":"eventBus"}}
{"__type":"$$EventMessageNode","id":"b887ba72-b2bc-4e8b-b0c4-440d0eb60e55","ts":"2025-12-30T09:09:53.885-05:00","eventName":"n8n.node.finished","message":"n8n.node.finished","payload":{"workflowId":"SOFnLJ6MODSGPrOk","workflowName":"PDF parsing template","executionId":"13","nodeType":"n8n-nodes-base.splitInBatches","nodeName":"Loop Over Items","nodeId":"ddbaca52-85a3-404f-83ff-2af9457efb4d"}}
{"__type":"$$EventMessageConfirm","confirm":"b887ba72-b2bc-4e8b-b0c4-440d0eb60e55","ts":"2025-12-30T09:09:53.886-05:00","source":{"id":"0","name":"eventBus"}}
{"__type":"$$EventMessageNode","id":"88293906-3fc7-4813-822f-99cac711c9dd","ts":"2025-12-30T09:09:53.886-05:00","eventName":"n8n.node.started","message":"n8n.node.started","payload":{"workflowId":"SOFnLJ6MODSGPrOk","workflowName":"PDF parsing template","executionId":"13","nodeType":"n8n-nodes-base.readWriteFile","nodeName":"Read/Write Files from Disk1","nodeId":"31b445bb-52d7-46b1-9b79-371f2c59afda"}}
{"__type":"$$EventMessageConfirm","confirm":"88293906-3fc7-4813-822f-99cac711c9dd","ts":"2025-12-30T09:09:53.886-05:00","source":{"id":"0","name":"eventBus"}}
{"__type":"$$EventMessageNode","id":"dc2a0860-b7f0-44f5-8541-d0d3b4d6ced7","ts":"2025-12-30T09:09:53.920-05:00","eventName":"n8n.node.finished","message":"n8n.node.finished","payload":{"workflowId":"SOFnLJ6MODSGPrOk","workflowName":"PDF parsing template","executionId":"13","nodeType":"n8n-nodes-base.readWriteFile","nodeName":"Read/Write Files from Disk1","nodeId":"31b445bb-52d7-46b1-9b79-371f2c59afda"}}
{"__type":"$$EventMessageConfirm","confirm":"dc2a0860-b7f0-44f5-8541-d0d3b4d6ced7","ts":"2025-12-30T09:09:53.921-05:00","source":{"id":"0","name":"eventBus"}}
{"__type":"$$EventMessageWorkflow","id":"c238a528-5e4a-4c4b-ae1e-8117fb268099","ts":"2025-12-30T09:09:53.936-05:00","eventName":"n8n.workflow.failed","message":"n8n.workflow.failed","payload":{"userId":"b81aa271-a943-4fc5-8b52-765c7ba556e2","executionId":"13","success":false,"isManual":true,"workflowId":"SOFnLJ6MODSGPrOk","workflowName":"PDF parsing template","lastNodeExecuted":"Read/Write Files from Disk1","errorNodeType":"n8n-nodes-base.readWriteFile","errorMessage":"No file(s) found"}}
{"__type":"$$EventMessageConfirm","confirm":"c238a528-5e4a-4c4b-ae1e-8117fb268099","ts":"2025-12-30T09:09:53.937-05:00","source":{"id":"0","name":"eventBus"}}
